[yanjunc6@plrg-1 FMitF_rs]$ cargo run ./examples/tpcc_updated.transact 
    Finished `dev` profile [unoptimized + debuginfo] target(s) in 0.12s
     Running `target/debug/FMitF_rs ./examples/tpcc_updated.transact`
Starting compilation pipeline
[Stage 1/6] Frontend       Done. 127ms
[Stage 2/6] CFG Generation Done. 190ms
[Stage 3/6] Optimization   Done. 3437ms
[Stage 4/6] SC-Graph       Done. 314ms
[00:25:35] [========================================] 19745/19745 Boogie runs complete                                                                                                                                                                           [Stage 5/6] Verification   Done. 1609868ms
[Stage 6/6] Codegen        Done. 10103ms
Completed
Summary
  Functions: 178  Hops: 266  Instances: 2
  C-edges (original): 19733  C-edges (simplified): 226
  Boogie loopUnroll: 12  Boogie timeLimit: 30s
  Verifications: 19745  Pass: 19519  Errors: 2  Timeouts: 224  Boogie failures: 0

[yanjunc6@plrg-1 FMitF_rs]$ cargo run -- ./examples/tpcc_updated.transact --timeout=120 --loop-unroll=11
    Finished `dev` profile [unoptimized + debuginfo] target(s) in 0.04s
     Running `target/debug/FMitF_rs ./examples/tpcc_updated.transact --timeout=120 --loop-unroll=11`
Starting compilation pipeline
[Stage 1/6] Frontend       Done. 135ms
[Stage 2/6] CFG Generation Done. 211ms
[Stage 3/6] Optimization   Done. 3488ms
[Stage 4/6] SC-Graph       Done. 331ms
[00:34:53] [========================================] 19745/19745 Boogie runs complete                                                                         [Stage 5/6] Verification   Done. 2168114ms
[Stage 6/6] Codegen        Done. 10133ms
Completed
Summary
  Functions: 178  Hops: 266  Instances: 2
  C-edges (original): 19733  C-edges (simplified): 70
  Boogie loopUnroll: 11  Boogie timeLimit: 120s
  Verifications: 19745  Pass: 19675  Errors: 13  Timeouts: 57  Boogie failures: 0

[yanjunc6@plrg-1 FMitF_rs]$ cargo run -- ./examples/tpcc_updated.transact --timeout=300 --loop-unroll=11
    Finished `dev` profile [unoptimized + debuginfo] target(s) in 0.08s
     Running `target/debug/FMitF_rs ./examples/tpcc_updated.transact --timeout=300 --loop-unroll=11`
Starting compilation pipeline
[Stage 1/6] Frontend       Done. 135ms
[Stage 2/6] CFG Generation Done. 190ms
[Stage 3/6] Optimization   Done. 3451ms
[Stage 4/6] SC-Graph       Done. 315ms
[00:43:24] [========================================] 19745/19745 Boogie runs complete                                                                         [Stage 5/6] Verification   Done. 2679066ms
[Stage 6/6] Codegen        Done. 10140ms
Completed
Summary
  Functions: 178  Hops: 266  Instances: 2
  C-edges (original): 19733  C-edges (simplified): 62
  Boogie loopUnroll: 11  Boogie timeLimit: 300s
  Verifications: 19745  Pass: 19683  Errors: 49  Timeouts: 13  Boogie failures: 0


[yanjunc6@plrg-1 FMitF_rs]$ cargo run -- ./examples/tpcc_updated.transact --timeout=480 --loop-unroll=11
    Finished `dev` profile [unoptimized + debuginfo] target(s) in 0.04s
     Running `target/debug/FMitF_rs ./examples/tpcc_updated.transact --timeout=480 --loop-unroll=11`
Starting compilation pipeline
[Stage 1/6] Frontend       Done. 127ms
[Stage 2/6] CFG Generation Done. 190ms
[Stage 3/6] Optimization   Done. 3451ms
[Stage 4/6] SC-Graph       Done. 314ms
[00:02:10] [====>-----------------------------------] 2228/19745 Running: commutative_f101_i0_h210_vs_f157_i1_h257.bpl, commutative_f87_i0_h203_vs_f157_i1_h257.bpl, commutative_f31_i0_h152_vs_f101_i0_h209.bpl (+17 more)                                                                                                                                                                                   
[01:42:29] [========================================] 19745/19745 Boogie runs complete                                                                                                                 [Stage 5/6] Verification   Done. 6223799ms
[Stage 6/6] Codegen        Done. 10112ms
Completed
Summary
  Functions: 178  Hops: 266  Instances: 2
  C-edges (original): 19733  C-edges (simplified): 62
  Boogie loopUnroll: 11  Boogie timeLimit: 480s
  Verifications: 19745  Pass: 19683  Errors: 51  Timeouts: 11  Boogie failures: 0