(set-option :print-success false)
(set-info :smt-lib-version 2.6)
(set-option :smt.mbqi false)
(set-option :model.compact false)
(set-option :model.v2 true)
(set-option :pp.bv_literals false)
; done setting options


(declare-fun tickleBool (Bool) Bool)
(assert (and (tickleBool true) (tickleBool false)))
(declare-sort T@String 0)
(declare-sort T@Row_10582 0)
(declare-fun construct_Row_Order_Line (Int Int Int Int Int Int Int Int Int T@String) T@Row_10582)
(declare-sort T@UUID 0)
(declare-fun genUUID (Int Int) T@UUID)
(declare-sort T@Table_9227 0)
(declare-sort T@Iterator_9229 0)
(declare-fun iter_position_9304 (T@Iterator_9229) Int)
(declare-fun scan_9227 (T@Table_9227 Int Int) T@Iterator_9229)
(declare-sort T@Table_9073 0)
(declare-sort T@Iterator_9075 0)
(declare-fun iter_position_9150 (T@Iterator_9075) Int)
(declare-fun scan_9073 (T@Table_9073 Int Int) T@Iterator_9075)
(declare-sort T@Table_8795 0)
(declare-sort T@Iterator_8797 0)
(declare-fun iter_position_8872 (T@Iterator_8797) Int)
(declare-fun scan_8795 (T@Table_8795 Int Int) T@Iterator_8797)
(declare-sort T@Table_8579 0)
(declare-sort T@Iterator_8581 0)
(declare-fun iter_position_8656 (T@Iterator_8581) Int)
(declare-fun scan_8579 (T@Table_8579 Int Int) T@Iterator_8581)
(declare-sort T@Table_8363 0)
(declare-sort T@Iterator_8365 0)
(declare-fun iter_position_8440 (T@Iterator_8365) Int)
(declare-fun scan_8363 (T@Table_8363 Int Int) T@Iterator_8365)
(declare-sort T@Table_8147 0)
(declare-sort T@Iterator_8149 0)
(declare-fun iter_position_8224 (T@Iterator_8149) Int)
(declare-fun scan_8147 (T@Table_8147 Int Int) T@Iterator_8149)
(declare-sort T@Table_7993 0)
(declare-sort T@Iterator_7995 0)
(declare-fun iter_position_8070 (T@Iterator_7995) Int)
(declare-fun scan_7993 (T@Table_7993 Int Int) T@Iterator_7995)
(declare-sort T@Table_7901 0)
(declare-sort T@Iterator_7903 0)
(declare-fun iter_position_7978 (T@Iterator_7903) Int)
(declare-fun scan_7901 (T@Table_7901 Int Int) T@Iterator_7903)
(declare-fun iter_n_9276 (T@Iterator_9229) Int)
(declare-fun iter_n_9122 (T@Iterator_9075) Int)
(declare-fun iter_n_8844 (T@Iterator_8797) Int)
(declare-fun iter_n_8628 (T@Iterator_8581) Int)
(declare-fun iter_n_8412 (T@Iterator_8365) Int)
(declare-fun iter_n_8196 (T@Iterator_8149) Int)
(declare-fun iter_n_8042 (T@Iterator_7995) Int)
(declare-fun iter_n_7950 (T@Iterator_7903) Int)
(declare-fun iter_m_9290 (T@Iterator_9229) Int)
(declare-fun iter_m_9136 (T@Iterator_9075) Int)
(declare-fun iter_m_8858 (T@Iterator_8797) Int)
(declare-fun iter_m_8642 (T@Iterator_8581) Int)
(declare-fun iter_m_8426 (T@Iterator_8365) Int)
(declare-fun iter_m_8210 (T@Iterator_8149) Int)
(declare-fun iter_m_8056 (T@Iterator_7995) Int)
(declare-fun iter_m_7964 (T@Iterator_7903) Int)
(declare-sort T@List_3776 0)
(declare-fun get_3784 (T@List_3776 Int) Int)
(declare-fun append_3776 (T@List_3776 Int) T@List_3776)
(declare-fun length_3776 (T@List_3776) Int)
(declare-fun iter_length_17355 (T@Iterator_9229) Int)
(declare-fun model_iter_length (Int Int) Int)
(declare-fun iter_length_17308 (T@Iterator_9075) Int)
(declare-fun iter_length_17261 (T@Iterator_8797) Int)
(declare-fun iter_length_17214 (T@Iterator_8581) Int)
(declare-fun iter_length_17167 (T@Iterator_8365) Int)
(declare-fun iter_length_17120 (T@Iterator_8149) Int)
(declare-fun iter_length_17073 (T@Iterator_7995) Int)
(declare-fun iter_length_17026 (T@Iterator_7903) Int)
(declare-sort T@Row_9889 0)
(declare-fun construct_Row_Customer (Int Int Int T@String T@String T@String T@String T@String T@String T@String T@String T@String Int T@String Real Real Real Real Real Real T@String) T@Row_9889)
(declare-sort T@Row_9612 0)
(declare-fun construct_Row_District (Int Int T@String T@String T@String T@String T@String T@String Real Real Int Int) T@Row_9612)
(declare-fun hasNext_9252 (T@Iterator_9229) Bool)
(declare-fun hasNext_9098 (T@Iterator_9075) Bool)
(declare-fun hasNext_8820 (T@Iterator_8797) Bool)
(declare-fun hasNext_8604 (T@Iterator_8581) Bool)
(declare-fun hasNext_8388 (T@Iterator_8365) Bool)
(declare-fun hasNext_8172 (T@Iterator_8149) Bool)
(declare-fun hasNext_8018 (T@Iterator_7995) Bool)
(declare-fun hasNext_7926 (T@Iterator_7903) Bool)
(declare-sort T@Row_9388 0)
(declare-fun construct_Row_Warehouse (Int T@String T@String T@String T@String T@String T@String Real Real) T@Row_9388)
(declare-sort T@Row_10935 0)
(declare-fun construct_Row_Stock (Int Int Int Real Int Int T@String) T@Row_10935)
(declare-fun next_9304 (T@Iterator_9229) T@Iterator_9229)
(declare-fun next_9150 (T@Iterator_9075) T@Iterator_9075)
(declare-fun next_8872 (T@Iterator_8797) T@Iterator_8797)
(declare-fun next_8656 (T@Iterator_8581) T@Iterator_8581)
(declare-fun next_8440 (T@Iterator_8365) T@Iterator_8365)
(declare-fun next_8224 (T@Iterator_8149) T@Iterator_8149)
(declare-fun next_8070 (T@Iterator_7995) T@Iterator_7995)
(declare-fun next_7978 (T@Iterator_7903) T@Iterator_7903)
(declare-sort T@Row_10788 0)
(declare-fun construct_Row_Item (Int Int Int T@String Real T@String) T@Row_10788)
(declare-sort T@Row_10415 0)
(declare-fun construct_Row_Order (Int Int Int Int Int Int Int Int) T@Row_10415)
(declare-sort T@Row_10329 0)
(declare-fun construct_Row_New_Order (Int Int Int) T@Row_10329)
(declare-fun q@concat (T@String T@String) T@String)
(declare-fun empty () T@String)
(declare-fun emptyList_3776 (Int) T@List_3776)
(declare-fun |get_W_ID#31| (T@Iterator_7903) Int)
(declare-fun |model_get_W_ID#31| (Int Int Int) Int)
(declare-fun |get_D_W_ID#32| (T@Iterator_7995) Int)
(declare-fun |model_get_D_W_ID#32| (Int Int Int) Int)
(declare-fun |get_D_ID#33| (T@Iterator_7995) Int)
(declare-fun |model_get_D_ID#33| (Int Int Int) Int)
(declare-fun |get_C_W_ID#34| (T@Iterator_8149) Int)
(declare-fun |model_get_C_W_ID#34| (Int Int Int) Int)
(declare-fun |get_C_D_ID#35| (T@Iterator_8149) Int)
(declare-fun |model_get_C_D_ID#35| (Int Int Int) Int)
(declare-fun |get_C_ID#36| (T@Iterator_8149) Int)
(declare-fun |model_get_C_ID#36| (Int Int Int) Int)
(declare-fun |get_NO_W_ID#37| (T@Iterator_8365) Int)
(declare-fun |model_get_NO_W_ID#37| (Int Int Int) Int)
(declare-fun |get_NO_D_ID#38| (T@Iterator_8365) Int)
(declare-fun |model_get_NO_D_ID#38| (Int Int Int) Int)
(declare-fun |get_NO_O_ID#39| (T@Iterator_8365) Int)
(declare-fun |model_get_NO_O_ID#39| (Int Int Int) Int)
(declare-fun |get_O_W_ID#40| (T@Iterator_8581) Int)
(declare-fun |model_get_O_W_ID#40| (Int Int Int) Int)
(declare-fun |get_O_D_ID#41| (T@Iterator_8581) Int)
(declare-fun |model_get_O_D_ID#41| (Int Int Int) Int)
(declare-fun |get_O_ID#42| (T@Iterator_8581) Int)
(declare-fun |model_get_O_ID#42| (Int Int Int) Int)
(declare-fun |get_OL_W_ID#43| (T@Iterator_8797) Int)
(declare-fun |model_get_OL_W_ID#43| (Int Int Int) Int)
(declare-fun |get_OL_D_ID#44| (T@Iterator_8797) Int)
(declare-fun |model_get_OL_D_ID#44| (Int Int Int) Int)
(declare-fun |get_OL_O_ID#45| (T@Iterator_8797) Int)
(declare-fun |model_get_OL_O_ID#45| (Int Int Int) Int)
(declare-fun |get_OL_NUMBER#46| (T@Iterator_8797) Int)
(declare-fun |model_get_OL_NUMBER#46| (Int Int Int) Int)
(declare-fun |get_I_ID#47| (T@Iterator_9075) Int)
(declare-fun |model_get_I_ID#47| (Int Int Int) Int)
(declare-fun |get_W_ID#48| (T@Iterator_9075) Int)
(declare-fun |model_get_W_ID#48| (Int Int Int) Int)
(declare-fun |get_S_W_ID#49| (T@Iterator_9229) Int)
(declare-fun |model_get_S_W_ID#49| (Int Int Int) Int)
(declare-fun |get_S_I_ID#50| (T@Iterator_9229) Int)
(declare-fun |model_get_S_I_ID#50| (Int Int Int) Int)
(assert (forall ((OL_W_ID_1 Int) (OL_D_ID_1 Int) (OL_O_ID_1 Int) (OL_NUMBER_1 Int) (OL_I_ID_1 Int) (OL_SUPPLY_W_ID_1 Int) (OL_DELIVERY_DATE_1 Int) (OL_QUANTITY_1 Int) (OL_AMOUNT_1 Int) (OL_DIST_INTO_1 T@String) (OL_W_ID_2 Int) (OL_D_ID_2 Int) (OL_O_ID_2 Int) (OL_NUMBER_2 Int) (OL_I_ID_2 Int) (OL_SUPPLY_W_ID_2 Int) (OL_DELIVERY_DATE_2 Int) (OL_QUANTITY_2 Int) (OL_AMOUNT_2 Int) (OL_DIST_INTO_2 T@String) ) (! (= (= (construct_Row_Order_Line OL_W_ID_1 OL_D_ID_1 OL_O_ID_1 OL_NUMBER_1 OL_I_ID_1 OL_SUPPLY_W_ID_1 OL_DELIVERY_DATE_1 OL_QUANTITY_1 OL_AMOUNT_1 OL_DIST_INTO_1) (construct_Row_Order_Line OL_W_ID_2 OL_D_ID_2 OL_O_ID_2 OL_NUMBER_2 OL_I_ID_2 OL_SUPPLY_W_ID_2 OL_DELIVERY_DATE_2 OL_QUANTITY_2 OL_AMOUNT_2 OL_DIST_INTO_2))  (and (and (and (and (and (and (and (and (and (= OL_W_ID_1 OL_W_ID_2) (= OL_D_ID_1 OL_D_ID_2)) (= OL_O_ID_1 OL_O_ID_2)) (= OL_NUMBER_1 OL_NUMBER_2)) (= OL_I_ID_1 OL_I_ID_2)) (= OL_SUPPLY_W_ID_1 OL_SUPPLY_W_ID_2)) (= OL_DELIVERY_DATE_1 OL_DELIVERY_DATE_2)) (= OL_QUANTITY_1 OL_QUANTITY_2)) (= OL_AMOUNT_1 OL_AMOUNT_2)) (= OL_DIST_INTO_1 OL_DIST_INTO_2)))
 :qid |commutativef28i0h21vsf28i1h22bpl.163:5|
 :skolemid |50|
)))
(assert (forall ((n1 Int) (m1 Int) (n2 Int) (m2 Int) ) (!  (=> (or (not (= n1 n2)) (not (= m1 m2))) (not (= (genUUID n1 m1) (genUUID n2 m2))))
 :qid |commutativef28i0h21vsf28i1h22bpl.25:15|
 :skolemid |13|
 :pattern ( (genUUID n1 m1) (genUUID n2 m2))
)))
(assert (forall ((t T@Table_9227) (n Int) (m Int) ) (! (= (iter_position_9304 (scan_9227 t n m)) 0)
 :qid |commutativef28i0h21vsf28i1h22bpl.37:18|
 :skolemid |16|
)))
(assert (forall ((t@@0 T@Table_9073) (n@@0 Int) (m@@0 Int) ) (! (= (iter_position_9150 (scan_9073 t@@0 n@@0 m@@0)) 0)
 :qid |commutativef28i0h21vsf28i1h22bpl.37:18|
 :skolemid |16|
)))
(assert (forall ((t@@1 T@Table_8795) (n@@1 Int) (m@@1 Int) ) (! (= (iter_position_8872 (scan_8795 t@@1 n@@1 m@@1)) 0)
 :qid |commutativef28i0h21vsf28i1h22bpl.37:18|
 :skolemid |16|
)))
(assert (forall ((t@@2 T@Table_8579) (n@@2 Int) (m@@2 Int) ) (! (= (iter_position_8656 (scan_8579 t@@2 n@@2 m@@2)) 0)
 :qid |commutativef28i0h21vsf28i1h22bpl.37:18|
 :skolemid |16|
)))
(assert (forall ((t@@3 T@Table_8363) (n@@3 Int) (m@@3 Int) ) (! (= (iter_position_8440 (scan_8363 t@@3 n@@3 m@@3)) 0)
 :qid |commutativef28i0h21vsf28i1h22bpl.37:18|
 :skolemid |16|
)))
(assert (forall ((t@@4 T@Table_8147) (n@@4 Int) (m@@4 Int) ) (! (= (iter_position_8224 (scan_8147 t@@4 n@@4 m@@4)) 0)
 :qid |commutativef28i0h21vsf28i1h22bpl.37:18|
 :skolemid |16|
)))
(assert (forall ((t@@5 T@Table_7993) (n@@5 Int) (m@@5 Int) ) (! (= (iter_position_8070 (scan_7993 t@@5 n@@5 m@@5)) 0)
 :qid |commutativef28i0h21vsf28i1h22bpl.37:18|
 :skolemid |16|
)))
(assert (forall ((t@@6 T@Table_7901) (n@@6 Int) (m@@6 Int) ) (! (= (iter_position_7978 (scan_7901 t@@6 n@@6 m@@6)) 0)
 :qid |commutativef28i0h21vsf28i1h22bpl.37:18|
 :skolemid |16|
)))
(assert (forall ((t@@7 T@Table_9227) (n@@7 Int) (m@@7 Int) ) (! (= (iter_n_9276 (scan_9227 t@@7 n@@7 m@@7)) n@@7)
 :qid |commutativef28i0h21vsf28i1h22bpl.38:18|
 :skolemid |17|
)))
(assert (forall ((t@@8 T@Table_9073) (n@@8 Int) (m@@8 Int) ) (! (= (iter_n_9122 (scan_9073 t@@8 n@@8 m@@8)) n@@8)
 :qid |commutativef28i0h21vsf28i1h22bpl.38:18|
 :skolemid |17|
)))
(assert (forall ((t@@9 T@Table_8795) (n@@9 Int) (m@@9 Int) ) (! (= (iter_n_8844 (scan_8795 t@@9 n@@9 m@@9)) n@@9)
 :qid |commutativef28i0h21vsf28i1h22bpl.38:18|
 :skolemid |17|
)))
(assert (forall ((t@@10 T@Table_8579) (n@@10 Int) (m@@10 Int) ) (! (= (iter_n_8628 (scan_8579 t@@10 n@@10 m@@10)) n@@10)
 :qid |commutativef28i0h21vsf28i1h22bpl.38:18|
 :skolemid |17|
)))
(assert (forall ((t@@11 T@Table_8363) (n@@11 Int) (m@@11 Int) ) (! (= (iter_n_8412 (scan_8363 t@@11 n@@11 m@@11)) n@@11)
 :qid |commutativef28i0h21vsf28i1h22bpl.38:18|
 :skolemid |17|
)))
(assert (forall ((t@@12 T@Table_8147) (n@@12 Int) (m@@12 Int) ) (! (= (iter_n_8196 (scan_8147 t@@12 n@@12 m@@12)) n@@12)
 :qid |commutativef28i0h21vsf28i1h22bpl.38:18|
 :skolemid |17|
)))
(assert (forall ((t@@13 T@Table_7993) (n@@13 Int) (m@@13 Int) ) (! (= (iter_n_8042 (scan_7993 t@@13 n@@13 m@@13)) n@@13)
 :qid |commutativef28i0h21vsf28i1h22bpl.38:18|
 :skolemid |17|
)))
(assert (forall ((t@@14 T@Table_7901) (n@@14 Int) (m@@14 Int) ) (! (= (iter_n_7950 (scan_7901 t@@14 n@@14 m@@14)) n@@14)
 :qid |commutativef28i0h21vsf28i1h22bpl.38:18|
 :skolemid |17|
)))
(assert (forall ((t@@15 T@Table_9227) (n@@15 Int) (m@@15 Int) ) (! (= (iter_m_9290 (scan_9227 t@@15 n@@15 m@@15)) m@@15)
 :qid |commutativef28i0h21vsf28i1h22bpl.39:18|
 :skolemid |18|
)))
(assert (forall ((t@@16 T@Table_9073) (n@@16 Int) (m@@16 Int) ) (! (= (iter_m_9136 (scan_9073 t@@16 n@@16 m@@16)) m@@16)
 :qid |commutativef28i0h21vsf28i1h22bpl.39:18|
 :skolemid |18|
)))
(assert (forall ((t@@17 T@Table_8795) (n@@17 Int) (m@@17 Int) ) (! (= (iter_m_8858 (scan_8795 t@@17 n@@17 m@@17)) m@@17)
 :qid |commutativef28i0h21vsf28i1h22bpl.39:18|
 :skolemid |18|
)))
(assert (forall ((t@@18 T@Table_8579) (n@@18 Int) (m@@18 Int) ) (! (= (iter_m_8642 (scan_8579 t@@18 n@@18 m@@18)) m@@18)
 :qid |commutativef28i0h21vsf28i1h22bpl.39:18|
 :skolemid |18|
)))
(assert (forall ((t@@19 T@Table_8363) (n@@19 Int) (m@@19 Int) ) (! (= (iter_m_8426 (scan_8363 t@@19 n@@19 m@@19)) m@@19)
 :qid |commutativef28i0h21vsf28i1h22bpl.39:18|
 :skolemid |18|
)))
(assert (forall ((t@@20 T@Table_8147) (n@@20 Int) (m@@20 Int) ) (! (= (iter_m_8210 (scan_8147 t@@20 n@@20 m@@20)) m@@20)
 :qid |commutativef28i0h21vsf28i1h22bpl.39:18|
 :skolemid |18|
)))
(assert (forall ((t@@21 T@Table_7993) (n@@21 Int) (m@@21 Int) ) (! (= (iter_m_8056 (scan_7993 t@@21 n@@21 m@@21)) m@@21)
 :qid |commutativef28i0h21vsf28i1h22bpl.39:18|
 :skolemid |18|
)))
(assert (forall ((t@@22 T@Table_7901) (n@@22 Int) (m@@22 Int) ) (! (= (iter_m_7964 (scan_7901 t@@22 n@@22 m@@22)) m@@22)
 :qid |commutativef28i0h21vsf28i1h22bpl.39:18|
 :skolemid |18|
)))
(assert (forall ((l T@List_3776) (e Int) ) (! (= (get_3784 (append_3776 l e) (length_3776 l)) e)
 :qid |commutativef28i0h21vsf28i1h22bpl.17:18|
 :skolemid |7|
)))
(assert (forall ((t@@23 T@Table_9227) (n@@23 Int) (m@@23 Int) ) (! (= (iter_length_17355 (scan_9227 t@@23 n@@23 m@@23)) (model_iter_length n@@23 m@@23))
 :qid |commutativef28i0h21vsf28i1h22bpl.40:18|
 :skolemid |19|
)))
(assert (forall ((t@@24 T@Table_9073) (n@@24 Int) (m@@24 Int) ) (! (= (iter_length_17308 (scan_9073 t@@24 n@@24 m@@24)) (model_iter_length n@@24 m@@24))
 :qid |commutativef28i0h21vsf28i1h22bpl.40:18|
 :skolemid |19|
)))
(assert (forall ((t@@25 T@Table_8795) (n@@25 Int) (m@@25 Int) ) (! (= (iter_length_17261 (scan_8795 t@@25 n@@25 m@@25)) (model_iter_length n@@25 m@@25))
 :qid |commutativef28i0h21vsf28i1h22bpl.40:18|
 :skolemid |19|
)))
(assert (forall ((t@@26 T@Table_8579) (n@@26 Int) (m@@26 Int) ) (! (= (iter_length_17214 (scan_8579 t@@26 n@@26 m@@26)) (model_iter_length n@@26 m@@26))
 :qid |commutativef28i0h21vsf28i1h22bpl.40:18|
 :skolemid |19|
)))
(assert (forall ((t@@27 T@Table_8363) (n@@27 Int) (m@@27 Int) ) (! (= (iter_length_17167 (scan_8363 t@@27 n@@27 m@@27)) (model_iter_length n@@27 m@@27))
 :qid |commutativef28i0h21vsf28i1h22bpl.40:18|
 :skolemid |19|
)))
(assert (forall ((t@@28 T@Table_8147) (n@@28 Int) (m@@28 Int) ) (! (= (iter_length_17120 (scan_8147 t@@28 n@@28 m@@28)) (model_iter_length n@@28 m@@28))
 :qid |commutativef28i0h21vsf28i1h22bpl.40:18|
 :skolemid |19|
)))
(assert (forall ((t@@29 T@Table_7993) (n@@29 Int) (m@@29 Int) ) (! (= (iter_length_17073 (scan_7993 t@@29 n@@29 m@@29)) (model_iter_length n@@29 m@@29))
 :qid |commutativef28i0h21vsf28i1h22bpl.40:18|
 :skolemid |19|
)))
(assert (forall ((t@@30 T@Table_7901) (n@@30 Int) (m@@30 Int) ) (! (= (iter_length_17026 (scan_7901 t@@30 n@@30 m@@30)) (model_iter_length n@@30 m@@30))
 :qid |commutativef28i0h21vsf28i1h22bpl.40:18|
 :skolemid |19|
)))
(assert (forall ((C_W_ID_1 Int) (C_D_ID_1 Int) (C_ID_1 Int) (C_FIRST_1 T@String) (C_MIDDLE_1 T@String) (C_LAST_1 T@String) (C_STREET_1_1 T@String) (C_STREET_2_1 T@String) (C_CITY_1 T@String) (C_STATE_1 T@String) (C_ZIP_1 T@String) (C_PHONE_1 T@String) (C_SINCE_1 Int) (C_CREDIT_1 T@String) (C_CREDIT_LIMIT_1 Real) (C_DISCOUNT_1 Real) (C_BALANCE_1 Real) (C_YTD_PAYMENT_1 Real) (C_PAYMENT_CNT_1 Real) (C_DELIVERY_CNT_1 Real) (C_DATA_1 T@String) (C_W_ID_2 Int) (C_D_ID_2 Int) (C_ID_2 Int) (C_FIRST_2 T@String) (C_MIDDLE_2 T@String) (C_LAST_2 T@String) (C_STREET_1_2 T@String) (C_STREET_2_2 T@String) (C_CITY_2 T@String) (C_STATE_2 T@String) (C_ZIP_2 T@String) (C_PHONE_2 T@String) (C_SINCE_2 Int) (C_CREDIT_2 T@String) (C_CREDIT_LIMIT_2 Real) (C_DISCOUNT_2 Real) (C_BALANCE_2 Real) (C_YTD_PAYMENT_2 Real) (C_PAYMENT_CNT_2 Real) (C_DELIVERY_CNT_2 Real) (C_DATA_2 T@String) ) (! (= (= (construct_Row_Customer C_W_ID_1 C_D_ID_1 C_ID_1 C_FIRST_1 C_MIDDLE_1 C_LAST_1 C_STREET_1_1 C_STREET_2_1 C_CITY_1 C_STATE_1 C_ZIP_1 C_PHONE_1 C_SINCE_1 C_CREDIT_1 C_CREDIT_LIMIT_1 C_DISCOUNT_1 C_BALANCE_1 C_YTD_PAYMENT_1 C_PAYMENT_CNT_1 C_DELIVERY_CNT_1 C_DATA_1) (construct_Row_Customer C_W_ID_2 C_D_ID_2 C_ID_2 C_FIRST_2 C_MIDDLE_2 C_LAST_2 C_STREET_1_2 C_STREET_2_2 C_CITY_2 C_STATE_2 C_ZIP_2 C_PHONE_2 C_SINCE_2 C_CREDIT_2 C_CREDIT_LIMIT_2 C_DISCOUNT_2 C_BALANCE_2 C_YTD_PAYMENT_2 C_PAYMENT_CNT_2 C_DELIVERY_CNT_2 C_DATA_2))  (and (and (and (and (and (and (and (and (and (and (and (and (and (and (and (and (and (and (and (and (= C_W_ID_1 C_W_ID_2) (= C_D_ID_1 C_D_ID_2)) (= C_ID_1 C_ID_2)) (= C_FIRST_1 C_FIRST_2)) (= C_MIDDLE_1 C_MIDDLE_2)) (= C_LAST_1 C_LAST_2)) (= C_STREET_1_1 C_STREET_1_2)) (= C_STREET_2_1 C_STREET_2_2)) (= C_CITY_1 C_CITY_2)) (= C_STATE_1 C_STATE_2)) (= C_ZIP_1 C_ZIP_2)) (= C_PHONE_1 C_PHONE_2)) (= C_SINCE_1 C_SINCE_2)) (= C_CREDIT_1 C_CREDIT_2)) (= C_CREDIT_LIMIT_1 C_CREDIT_LIMIT_2)) (= C_DISCOUNT_1 C_DISCOUNT_2)) (= C_BALANCE_1 C_BALANCE_2)) (= C_YTD_PAYMENT_1 C_YTD_PAYMENT_2)) (= C_PAYMENT_CNT_1 C_PAYMENT_CNT_2)) (= C_DELIVERY_CNT_1 C_DELIVERY_CNT_2)) (= C_DATA_1 C_DATA_2)))
 :qid |commutativef28i0h21vsf28i1h22bpl.136:5|
 :skolemid |47|
)))
(assert (forall ((D_W_ID_1 Int) (D_ID_1 Int) (D_NAME_1 T@String) (D_STREET_1_1 T@String) (D_STREET_2_1 T@String) (D_CITY_1 T@String) (D_STATE_1 T@String) (D_ZIP_1 T@String) (D_TAX_1 Real) (D_YTD_1 Real) (D_NEXT_O_ID_1 Int) (D_NEXT_NO_ID_1 Int) (D_W_ID_2 Int) (D_ID_2 Int) (D_NAME_2 T@String) (D_STREET_1_2 T@String) (D_STREET_2_2 T@String) (D_CITY_2 T@String) (D_STATE_2 T@String) (D_ZIP_2 T@String) (D_TAX_2 Real) (D_YTD_2 Real) (D_NEXT_O_ID_2 Int) (D_NEXT_NO_ID_2 Int) ) (! (= (= (construct_Row_District D_W_ID_1 D_ID_1 D_NAME_1 D_STREET_1_1 D_STREET_2_1 D_CITY_1 D_STATE_1 D_ZIP_1 D_TAX_1 D_YTD_1 D_NEXT_O_ID_1 D_NEXT_NO_ID_1) (construct_Row_District D_W_ID_2 D_ID_2 D_NAME_2 D_STREET_1_2 D_STREET_2_2 D_CITY_2 D_STATE_2 D_ZIP_2 D_TAX_2 D_YTD_2 D_NEXT_O_ID_2 D_NEXT_NO_ID_2))  (and (and (and (and (and (and (and (and (and (and (and (= D_W_ID_1 D_W_ID_2) (= D_ID_1 D_ID_2)) (= D_NAME_1 D_NAME_2)) (= D_STREET_1_1 D_STREET_1_2)) (= D_STREET_2_1 D_STREET_2_2)) (= D_CITY_1 D_CITY_2)) (= D_STATE_1 D_STATE_2)) (= D_ZIP_1 D_ZIP_2)) (= D_TAX_1 D_TAX_2)) (= D_YTD_1 D_YTD_2)) (= D_NEXT_O_ID_1 D_NEXT_O_ID_2)) (= D_NEXT_NO_ID_1 D_NEXT_NO_ID_2)))
 :qid |commutativef28i0h21vsf28i1h22bpl.127:5|
 :skolemid |46|
)))
(assert (forall ((n1@@0 Int) (m1@@0 Int) (n2@@0 Int) (m2@@0 Int) ) (!  (=> (= (genUUID n1@@0 m1@@0) (genUUID n2@@0 m2@@0)) (and (= n1@@0 n2@@0) (= m1@@0 m2@@0)))
 :qid |commutativef28i0h21vsf28i1h22bpl.24:15|
 :skolemid |12|
 :pattern ( (genUUID n1@@0 m1@@0) (genUUID n2@@0 m2@@0))
)))
(assert (forall ((l1 T@List_3776) (l2 T@List_3776) ) (!  (=> (not (= (length_3776 l1) (length_3776 l2))) (not (= l1 l2)))
 :qid |commutativef28i0h21vsf28i1h22bpl.20:18|
 :skolemid |10|
)))
(assert (forall ((iter T@Iterator_9229) ) (! (= (hasNext_9252 iter) (< (iter_position_9304 iter) (iter_length_17355 iter)))
 :qid |commutativef28i0h21vsf28i1h22bpl.45:18|
 :skolemid |24|
)))
(assert (forall ((iter@@0 T@Iterator_9075) ) (! (= (hasNext_9098 iter@@0) (< (iter_position_9150 iter@@0) (iter_length_17308 iter@@0)))
 :qid |commutativef28i0h21vsf28i1h22bpl.45:18|
 :skolemid |24|
)))
(assert (forall ((iter@@1 T@Iterator_8797) ) (! (= (hasNext_8820 iter@@1) (< (iter_position_8872 iter@@1) (iter_length_17261 iter@@1)))
 :qid |commutativef28i0h21vsf28i1h22bpl.45:18|
 :skolemid |24|
)))
(assert (forall ((iter@@2 T@Iterator_8581) ) (! (= (hasNext_8604 iter@@2) (< (iter_position_8656 iter@@2) (iter_length_17214 iter@@2)))
 :qid |commutativef28i0h21vsf28i1h22bpl.45:18|
 :skolemid |24|
)))
(assert (forall ((iter@@3 T@Iterator_8365) ) (! (= (hasNext_8388 iter@@3) (< (iter_position_8440 iter@@3) (iter_length_17167 iter@@3)))
 :qid |commutativef28i0h21vsf28i1h22bpl.45:18|
 :skolemid |24|
)))
(assert (forall ((iter@@4 T@Iterator_8149) ) (! (= (hasNext_8172 iter@@4) (< (iter_position_8224 iter@@4) (iter_length_17120 iter@@4)))
 :qid |commutativef28i0h21vsf28i1h22bpl.45:18|
 :skolemid |24|
)))
(assert (forall ((iter@@5 T@Iterator_7995) ) (! (= (hasNext_8018 iter@@5) (< (iter_position_8070 iter@@5) (iter_length_17073 iter@@5)))
 :qid |commutativef28i0h21vsf28i1h22bpl.45:18|
 :skolemid |24|
)))
(assert (forall ((iter@@6 T@Iterator_7903) ) (! (= (hasNext_7926 iter@@6) (< (iter_position_7978 iter@@6) (iter_length_17026 iter@@6)))
 :qid |commutativef28i0h21vsf28i1h22bpl.45:18|
 :skolemid |24|
)))
(assert (forall ((W_ID_1 Int) (W_NAME_1 T@String) (W_STREET_1_1 T@String) (W_STREET_2_1 T@String) (W_CITY_1 T@String) (W_STATE_1 T@String) (W_ZIP_1 T@String) (W_TAX_1 Real) (W_YTD_1 Real) (W_ID_2 Int) (W_NAME_2 T@String) (W_STREET_1_2 T@String) (W_STREET_2_2 T@String) (W_CITY_2 T@String) (W_STATE_2 T@String) (W_ZIP_2 T@String) (W_TAX_2 Real) (W_YTD_2 Real) ) (! (= (= (construct_Row_Warehouse W_ID_1 W_NAME_1 W_STREET_1_1 W_STREET_2_1 W_CITY_1 W_STATE_1 W_ZIP_1 W_TAX_1 W_YTD_1) (construct_Row_Warehouse W_ID_2 W_NAME_2 W_STREET_1_2 W_STREET_2_2 W_CITY_2 W_STATE_2 W_ZIP_2 W_TAX_2 W_YTD_2))  (and (and (and (and (and (and (and (and (= W_ID_1 W_ID_2) (= W_NAME_1 W_NAME_2)) (= W_STREET_1_1 W_STREET_1_2)) (= W_STREET_2_1 W_STREET_2_2)) (= W_CITY_1 W_CITY_2)) (= W_STATE_1 W_STATE_2)) (= W_ZIP_1 W_ZIP_2)) (= W_TAX_1 W_TAX_2)) (= W_YTD_1 W_YTD_2)))
 :qid |commutativef28i0h21vsf28i1h22bpl.118:5|
 :skolemid |45|
)))
(assert (forall ((l@@0 T@List_3776) (e@@0 Int) ) (! (= (length_3776 (append_3776 l@@0 e@@0)) (+ (length_3776 l@@0) 1))
 :qid |commutativef28i0h21vsf28i1h22bpl.16:18|
 :skolemid |6|
)))
(assert (forall ((S_W_ID_1 Int) (S_I_ID_1 Int) (S_QUANTITY_1 Int) (S_YTD_1 Real) (S_ORDER_CNT_1 Int) (S_REMOTE_CNT_1 Int) (S_DATA_1 T@String) (S_W_ID_2 Int) (S_I_ID_2 Int) (S_QUANTITY_2 Int) (S_YTD_2 Real) (S_ORDER_CNT_2 Int) (S_REMOTE_CNT_2 Int) (S_DATA_2 T@String) ) (! (= (= (construct_Row_Stock S_W_ID_1 S_I_ID_1 S_QUANTITY_1 S_YTD_1 S_ORDER_CNT_1 S_REMOTE_CNT_1 S_DATA_1) (construct_Row_Stock S_W_ID_2 S_I_ID_2 S_QUANTITY_2 S_YTD_2 S_ORDER_CNT_2 S_REMOTE_CNT_2 S_DATA_2))  (and (and (and (and (and (and (= S_W_ID_1 S_W_ID_2) (= S_I_ID_1 S_I_ID_2)) (= S_QUANTITY_1 S_QUANTITY_2)) (= S_YTD_1 S_YTD_2)) (= S_ORDER_CNT_1 S_ORDER_CNT_2)) (= S_REMOTE_CNT_1 S_REMOTE_CNT_2)) (= S_DATA_1 S_DATA_2)))
 :qid |commutativef28i0h21vsf28i1h22bpl.181:5|
 :skolemid |52|
)))
(assert (forall ((iter@@7 T@Iterator_9229) ) (! (= (iter_position_9304 (next_9304 iter@@7)) (+ (iter_position_9304 iter@@7) 1))
 :qid |commutativef28i0h21vsf28i1h22bpl.41:18|
 :skolemid |20|
)))
(assert (forall ((iter@@8 T@Iterator_9075) ) (! (= (iter_position_9150 (next_9150 iter@@8)) (+ (iter_position_9150 iter@@8) 1))
 :qid |commutativef28i0h21vsf28i1h22bpl.41:18|
 :skolemid |20|
)))
(assert (forall ((iter@@9 T@Iterator_8797) ) (! (= (iter_position_8872 (next_8872 iter@@9)) (+ (iter_position_8872 iter@@9) 1))
 :qid |commutativef28i0h21vsf28i1h22bpl.41:18|
 :skolemid |20|
)))
(assert (forall ((iter@@10 T@Iterator_8581) ) (! (= (iter_position_8656 (next_8656 iter@@10)) (+ (iter_position_8656 iter@@10) 1))
 :qid |commutativef28i0h21vsf28i1h22bpl.41:18|
 :skolemid |20|
)))
(assert (forall ((iter@@11 T@Iterator_8365) ) (! (= (iter_position_8440 (next_8440 iter@@11)) (+ (iter_position_8440 iter@@11) 1))
 :qid |commutativef28i0h21vsf28i1h22bpl.41:18|
 :skolemid |20|
)))
(assert (forall ((iter@@12 T@Iterator_8149) ) (! (= (iter_position_8224 (next_8224 iter@@12)) (+ (iter_position_8224 iter@@12) 1))
 :qid |commutativef28i0h21vsf28i1h22bpl.41:18|
 :skolemid |20|
)))
(assert (forall ((iter@@13 T@Iterator_7995) ) (! (= (iter_position_8070 (next_8070 iter@@13)) (+ (iter_position_8070 iter@@13) 1))
 :qid |commutativef28i0h21vsf28i1h22bpl.41:18|
 :skolemid |20|
)))
(assert (forall ((iter@@14 T@Iterator_7903) ) (! (= (iter_position_7978 (next_7978 iter@@14)) (+ (iter_position_7978 iter@@14) 1))
 :qid |commutativef28i0h21vsf28i1h22bpl.41:18|
 :skolemid |20|
)))
(assert (forall ((I_ID_1 Int) (W_ID_1@@0 Int) (I_IM_ID_1 Int) (I_NAME_1 T@String) (I_PRICE_1 Real) (I_DATA_1 T@String) (I_ID_2 Int) (W_ID_2@@0 Int) (I_IM_ID_2 Int) (I_NAME_2 T@String) (I_PRICE_2 Real) (I_DATA_2 T@String) ) (! (= (= (construct_Row_Item I_ID_1 W_ID_1@@0 I_IM_ID_1 I_NAME_1 I_PRICE_1 I_DATA_1) (construct_Row_Item I_ID_2 W_ID_2@@0 I_IM_ID_2 I_NAME_2 I_PRICE_2 I_DATA_2))  (and (and (and (and (and (= I_ID_1 I_ID_2) (= W_ID_1@@0 W_ID_2@@0)) (= I_IM_ID_1 I_IM_ID_2)) (= I_NAME_1 I_NAME_2)) (= I_PRICE_1 I_PRICE_2)) (= I_DATA_1 I_DATA_2)))
 :qid |commutativef28i0h21vsf28i1h22bpl.172:5|
 :skolemid |51|
)))
(assert (forall ((O_W_ID_1 Int) (O_D_ID_1 Int) (O_ID_1 Int) (O_C_ID_1 Int) (O_ENTRY_DATE_1 Int) (O_CARRIER_ID_1 Int) (O_OL_CNT_1 Int) (O_ALL_LOCAL_1 Int) (O_W_ID_2 Int) (O_D_ID_2 Int) (O_ID_2 Int) (O_C_ID_2 Int) (O_ENTRY_DATE_2 Int) (O_CARRIER_ID_2 Int) (O_OL_CNT_2 Int) (O_ALL_LOCAL_2 Int) ) (! (= (= (construct_Row_Order O_W_ID_1 O_D_ID_1 O_ID_1 O_C_ID_1 O_ENTRY_DATE_1 O_CARRIER_ID_1 O_OL_CNT_1 O_ALL_LOCAL_1) (construct_Row_Order O_W_ID_2 O_D_ID_2 O_ID_2 O_C_ID_2 O_ENTRY_DATE_2 O_CARRIER_ID_2 O_OL_CNT_2 O_ALL_LOCAL_2))  (and (and (and (and (and (and (and (= O_W_ID_1 O_W_ID_2) (= O_D_ID_1 O_D_ID_2)) (= O_ID_1 O_ID_2)) (= O_C_ID_1 O_C_ID_2)) (= O_ENTRY_DATE_1 O_ENTRY_DATE_2)) (= O_CARRIER_ID_1 O_CARRIER_ID_2)) (= O_OL_CNT_1 O_OL_CNT_2)) (= O_ALL_LOCAL_1 O_ALL_LOCAL_2)))
 :qid |commutativef28i0h21vsf28i1h22bpl.154:5|
 :skolemid |49|
)))
(assert (forall ((NO_W_ID_1 Int) (NO_D_ID_1 Int) (NO_O_ID_1 Int) (NO_W_ID_2 Int) (NO_D_ID_2 Int) (NO_O_ID_2 Int) ) (! (= (= (construct_Row_New_Order NO_W_ID_1 NO_D_ID_1 NO_O_ID_1) (construct_Row_New_Order NO_W_ID_2 NO_D_ID_2 NO_O_ID_2))  (and (and (= NO_W_ID_1 NO_W_ID_2) (= NO_D_ID_1 NO_D_ID_2)) (= NO_O_ID_1 NO_O_ID_2)))
 :qid |commutativef28i0h21vsf28i1h22bpl.145:5|
 :skolemid |48|
)))
(assert (forall ((l1@@0 T@List_3776) (l2@@0 T@List_3776) (e@@1 Int) (f Int) ) (!  (=> (and (= e@@1 f) (= l1@@0 l2@@0)) (= (append_3776 l1@@0 e@@1) (append_3776 l2@@0 f)))
 :qid |commutativef28i0h21vsf28i1h22bpl.21:18|
 :skolemid |11|
)))
(assert (forall ((s T@String) ) (! (= (q@concat empty s) s)
 :qid |commutativef28i0h21vsf28i1h22bpl.5:15|
 :skolemid |0|
 :pattern ( (q@concat empty s))
)))
(assert (forall ((s@@0 T@String) ) (! (= (q@concat s@@0 empty) s@@0)
 :qid |commutativef28i0h21vsf28i1h22bpl.6:15|
 :skolemid |1|
 :pattern ( (q@concat s@@0 empty))
)))
(assert (forall ((n@@31 Int) (m@@31 Int) ) (! (= (model_iter_length n@@31 m@@31) 1)
 :qid |commutativef28i0h21vsf28i1h22bpl.36:15|
 :skolemid |15|
)))
(assert (forall ((n@@32 Int) (m@@32 Int) ) (! (>= (model_iter_length n@@32 m@@32) 0)
 :qid |commutativef28i0h21vsf28i1h22bpl.35:15|
 :skolemid |14|
)))
(assert (forall ((l@@1 T@List_3776) ) (! (>= (length_3776 l@@1) 0)
 :qid |commutativef28i0h21vsf28i1h22bpl.19:18|
 :skolemid |9|
)))
(assert (forall ((w Int) ) (! (= (length_3776 (emptyList_3776 w)) 0)
 :qid |commutativef28i0h21vsf28i1h22bpl.15:18|
 :skolemid |5|
)))
(assert (forall ((l@@2 T@List_3776) (e@@2 Int) (i Int) ) (!  (=> (and (<= 0 i) (< i (length_3776 l@@2))) (= (get_3784 (append_3776 l@@2 e@@2) i) (get_3784 l@@2 i)))
 :qid |commutativef28i0h21vsf28i1h22bpl.18:18|
 :skolemid |8|
)))
(assert (forall ((w1 Int) (w2 Int) ) (! (= (emptyList_3776 w1) (emptyList_3776 w2))
 :qid |commutativef28i0h21vsf28i1h22bpl.14:18|
 :skolemid |4|
)))
(assert (forall ((iter@@15 T@Iterator_9229) ) (! (= (iter_length_17355 (next_9304 iter@@15)) (iter_length_17355 iter@@15))
 :qid |commutativef28i0h21vsf28i1h22bpl.42:18|
 :skolemid |21|
)))
(assert (forall ((iter@@16 T@Iterator_9075) ) (! (= (iter_length_17308 (next_9150 iter@@16)) (iter_length_17308 iter@@16))
 :qid |commutativef28i0h21vsf28i1h22bpl.42:18|
 :skolemid |21|
)))
(assert (forall ((iter@@17 T@Iterator_8797) ) (! (= (iter_length_17261 (next_8872 iter@@17)) (iter_length_17261 iter@@17))
 :qid |commutativef28i0h21vsf28i1h22bpl.42:18|
 :skolemid |21|
)))
(assert (forall ((iter@@18 T@Iterator_8581) ) (! (= (iter_length_17214 (next_8656 iter@@18)) (iter_length_17214 iter@@18))
 :qid |commutativef28i0h21vsf28i1h22bpl.42:18|
 :skolemid |21|
)))
(assert (forall ((iter@@19 T@Iterator_8365) ) (! (= (iter_length_17167 (next_8440 iter@@19)) (iter_length_17167 iter@@19))
 :qid |commutativef28i0h21vsf28i1h22bpl.42:18|
 :skolemid |21|
)))
(assert (forall ((iter@@20 T@Iterator_8149) ) (! (= (iter_length_17120 (next_8224 iter@@20)) (iter_length_17120 iter@@20))
 :qid |commutativef28i0h21vsf28i1h22bpl.42:18|
 :skolemid |21|
)))
(assert (forall ((iter@@21 T@Iterator_7995) ) (! (= (iter_length_17073 (next_8070 iter@@21)) (iter_length_17073 iter@@21))
 :qid |commutativef28i0h21vsf28i1h22bpl.42:18|
 :skolemid |21|
)))
(assert (forall ((iter@@22 T@Iterator_7903) ) (! (= (iter_length_17026 (next_7978 iter@@22)) (iter_length_17026 iter@@22))
 :qid |commutativef28i0h21vsf28i1h22bpl.42:18|
 :skolemid |21|
)))
(assert (forall ((iter@@23 T@Iterator_9229) ) (! (= (iter_n_9276 (next_9304 iter@@23)) (iter_n_9276 iter@@23))
 :qid |commutativef28i0h21vsf28i1h22bpl.43:18|
 :skolemid |22|
)))
(assert (forall ((iter@@24 T@Iterator_9075) ) (! (= (iter_n_9122 (next_9150 iter@@24)) (iter_n_9122 iter@@24))
 :qid |commutativef28i0h21vsf28i1h22bpl.43:18|
 :skolemid |22|
)))
(assert (forall ((iter@@25 T@Iterator_8797) ) (! (= (iter_n_8844 (next_8872 iter@@25)) (iter_n_8844 iter@@25))
 :qid |commutativef28i0h21vsf28i1h22bpl.43:18|
 :skolemid |22|
)))
(assert (forall ((iter@@26 T@Iterator_8581) ) (! (= (iter_n_8628 (next_8656 iter@@26)) (iter_n_8628 iter@@26))
 :qid |commutativef28i0h21vsf28i1h22bpl.43:18|
 :skolemid |22|
)))
(assert (forall ((iter@@27 T@Iterator_8365) ) (! (= (iter_n_8412 (next_8440 iter@@27)) (iter_n_8412 iter@@27))
 :qid |commutativef28i0h21vsf28i1h22bpl.43:18|
 :skolemid |22|
)))
(assert (forall ((iter@@28 T@Iterator_8149) ) (! (= (iter_n_8196 (next_8224 iter@@28)) (iter_n_8196 iter@@28))
 :qid |commutativef28i0h21vsf28i1h22bpl.43:18|
 :skolemid |22|
)))
(assert (forall ((iter@@29 T@Iterator_7995) ) (! (= (iter_n_8042 (next_8070 iter@@29)) (iter_n_8042 iter@@29))
 :qid |commutativef28i0h21vsf28i1h22bpl.43:18|
 :skolemid |22|
)))
(assert (forall ((iter@@30 T@Iterator_7903) ) (! (= (iter_n_7950 (next_7978 iter@@30)) (iter_n_7950 iter@@30))
 :qid |commutativef28i0h21vsf28i1h22bpl.43:18|
 :skolemid |22|
)))
(assert (forall ((iter@@31 T@Iterator_9229) ) (! (= (iter_m_9290 (next_9304 iter@@31)) (iter_m_9290 iter@@31))
 :qid |commutativef28i0h21vsf28i1h22bpl.44:18|
 :skolemid |23|
)))
(assert (forall ((iter@@32 T@Iterator_9075) ) (! (= (iter_m_9136 (next_9150 iter@@32)) (iter_m_9136 iter@@32))
 :qid |commutativef28i0h21vsf28i1h22bpl.44:18|
 :skolemid |23|
)))
(assert (forall ((iter@@33 T@Iterator_8797) ) (! (= (iter_m_8858 (next_8872 iter@@33)) (iter_m_8858 iter@@33))
 :qid |commutativef28i0h21vsf28i1h22bpl.44:18|
 :skolemid |23|
)))
(assert (forall ((iter@@34 T@Iterator_8581) ) (! (= (iter_m_8642 (next_8656 iter@@34)) (iter_m_8642 iter@@34))
 :qid |commutativef28i0h21vsf28i1h22bpl.44:18|
 :skolemid |23|
)))
(assert (forall ((iter@@35 T@Iterator_8365) ) (! (= (iter_m_8426 (next_8440 iter@@35)) (iter_m_8426 iter@@35))
 :qid |commutativef28i0h21vsf28i1h22bpl.44:18|
 :skolemid |23|
)))
(assert (forall ((iter@@36 T@Iterator_8149) ) (! (= (iter_m_8210 (next_8224 iter@@36)) (iter_m_8210 iter@@36))
 :qid |commutativef28i0h21vsf28i1h22bpl.44:18|
 :skolemid |23|
)))
(assert (forall ((iter@@37 T@Iterator_7995) ) (! (= (iter_m_8056 (next_8070 iter@@37)) (iter_m_8056 iter@@37))
 :qid |commutativef28i0h21vsf28i1h22bpl.44:18|
 :skolemid |23|
)))
(assert (forall ((iter@@38 T@Iterator_7903) ) (! (= (iter_m_7964 (next_7978 iter@@38)) (iter_m_7964 iter@@38))
 :qid |commutativef28i0h21vsf28i1h22bpl.44:18|
 :skolemid |23|
)))
(assert (forall ((iter@@39 T@Iterator_7903) ) (!  (=> (hasNext_7926 iter@@39) (= (|get_W_ID#31| iter@@39) (|model_get_W_ID#31| (iter_n_7950 iter@@39) (iter_m_7964 iter@@39) (iter_position_7978 iter@@39))))
 :qid |commutativef28i0h21vsf28i1h22bpl.48:15|
 :skolemid |25|
)))
(assert (forall ((iter@@40 T@Iterator_7995) ) (!  (=> (hasNext_8018 iter@@40) (= (|get_D_W_ID#32| iter@@40) (|model_get_D_W_ID#32| (iter_n_8042 iter@@40) (iter_m_8056 iter@@40) (iter_position_8070 iter@@40))))
 :qid |commutativef28i0h21vsf28i1h22bpl.51:15|
 :skolemid |26|
)))
(assert (forall ((iter@@41 T@Iterator_7995) ) (!  (=> (hasNext_8018 iter@@41) (= (|get_D_ID#33| iter@@41) (|model_get_D_ID#33| (iter_n_8042 iter@@41) (iter_m_8056 iter@@41) (iter_position_8070 iter@@41))))
 :qid |commutativef28i0h21vsf28i1h22bpl.54:15|
 :skolemid |27|
)))
(assert (forall ((iter@@42 T@Iterator_8149) ) (!  (=> (hasNext_8172 iter@@42) (= (|get_C_W_ID#34| iter@@42) (|model_get_C_W_ID#34| (iter_n_8196 iter@@42) (iter_m_8210 iter@@42) (iter_position_8224 iter@@42))))
 :qid |commutativef28i0h21vsf28i1h22bpl.57:15|
 :skolemid |28|
)))
(assert (forall ((iter@@43 T@Iterator_8149) ) (!  (=> (hasNext_8172 iter@@43) (= (|get_C_D_ID#35| iter@@43) (|model_get_C_D_ID#35| (iter_n_8196 iter@@43) (iter_m_8210 iter@@43) (iter_position_8224 iter@@43))))
 :qid |commutativef28i0h21vsf28i1h22bpl.60:15|
 :skolemid |29|
)))
(assert (forall ((iter@@44 T@Iterator_8149) ) (!  (=> (hasNext_8172 iter@@44) (= (|get_C_ID#36| iter@@44) (|model_get_C_ID#36| (iter_n_8196 iter@@44) (iter_m_8210 iter@@44) (iter_position_8224 iter@@44))))
 :qid |commutativef28i0h21vsf28i1h22bpl.63:15|
 :skolemid |30|
)))
(assert (forall ((iter@@45 T@Iterator_8365) ) (!  (=> (hasNext_8388 iter@@45) (= (|get_NO_W_ID#37| iter@@45) (|model_get_NO_W_ID#37| (iter_n_8412 iter@@45) (iter_m_8426 iter@@45) (iter_position_8440 iter@@45))))
 :qid |commutativef28i0h21vsf28i1h22bpl.66:15|
 :skolemid |31|
)))
(assert (forall ((iter@@46 T@Iterator_8365) ) (!  (=> (hasNext_8388 iter@@46) (= (|get_NO_D_ID#38| iter@@46) (|model_get_NO_D_ID#38| (iter_n_8412 iter@@46) (iter_m_8426 iter@@46) (iter_position_8440 iter@@46))))
 :qid |commutativef28i0h21vsf28i1h22bpl.69:15|
 :skolemid |32|
)))
(assert (forall ((iter@@47 T@Iterator_8365) ) (!  (=> (hasNext_8388 iter@@47) (= (|get_NO_O_ID#39| iter@@47) (|model_get_NO_O_ID#39| (iter_n_8412 iter@@47) (iter_m_8426 iter@@47) (iter_position_8440 iter@@47))))
 :qid |commutativef28i0h21vsf28i1h22bpl.72:15|
 :skolemid |33|
)))
(assert (forall ((iter@@48 T@Iterator_8581) ) (!  (=> (hasNext_8604 iter@@48) (= (|get_O_W_ID#40| iter@@48) (|model_get_O_W_ID#40| (iter_n_8628 iter@@48) (iter_m_8642 iter@@48) (iter_position_8656 iter@@48))))
 :qid |commutativef28i0h21vsf28i1h22bpl.75:15|
 :skolemid |34|
)))
(assert (forall ((iter@@49 T@Iterator_8581) ) (!  (=> (hasNext_8604 iter@@49) (= (|get_O_D_ID#41| iter@@49) (|model_get_O_D_ID#41| (iter_n_8628 iter@@49) (iter_m_8642 iter@@49) (iter_position_8656 iter@@49))))
 :qid |commutativef28i0h21vsf28i1h22bpl.78:15|
 :skolemid |35|
)))
(assert (forall ((iter@@50 T@Iterator_8581) ) (!  (=> (hasNext_8604 iter@@50) (= (|get_O_ID#42| iter@@50) (|model_get_O_ID#42| (iter_n_8628 iter@@50) (iter_m_8642 iter@@50) (iter_position_8656 iter@@50))))
 :qid |commutativef28i0h21vsf28i1h22bpl.81:15|
 :skolemid |36|
)))
(assert (forall ((iter@@51 T@Iterator_8797) ) (!  (=> (hasNext_8820 iter@@51) (= (|get_OL_W_ID#43| iter@@51) (|model_get_OL_W_ID#43| (iter_n_8844 iter@@51) (iter_m_8858 iter@@51) (iter_position_8872 iter@@51))))
 :qid |commutativef28i0h21vsf28i1h22bpl.84:15|
 :skolemid |37|
)))
(assert (forall ((iter@@52 T@Iterator_8797) ) (!  (=> (hasNext_8820 iter@@52) (= (|get_OL_D_ID#44| iter@@52) (|model_get_OL_D_ID#44| (iter_n_8844 iter@@52) (iter_m_8858 iter@@52) (iter_position_8872 iter@@52))))
 :qid |commutativef28i0h21vsf28i1h22bpl.87:15|
 :skolemid |38|
)))
(assert (forall ((iter@@53 T@Iterator_8797) ) (!  (=> (hasNext_8820 iter@@53) (= (|get_OL_O_ID#45| iter@@53) (|model_get_OL_O_ID#45| (iter_n_8844 iter@@53) (iter_m_8858 iter@@53) (iter_position_8872 iter@@53))))
 :qid |commutativef28i0h21vsf28i1h22bpl.90:15|
 :skolemid |39|
)))
(assert (forall ((iter@@54 T@Iterator_8797) ) (!  (=> (hasNext_8820 iter@@54) (= (|get_OL_NUMBER#46| iter@@54) (|model_get_OL_NUMBER#46| (iter_n_8844 iter@@54) (iter_m_8858 iter@@54) (iter_position_8872 iter@@54))))
 :qid |commutativef28i0h21vsf28i1h22bpl.93:15|
 :skolemid |40|
)))
(assert (forall ((iter@@55 T@Iterator_9075) ) (!  (=> (hasNext_9098 iter@@55) (= (|get_I_ID#47| iter@@55) (|model_get_I_ID#47| (iter_n_9122 iter@@55) (iter_m_9136 iter@@55) (iter_position_9150 iter@@55))))
 :qid |commutativef28i0h21vsf28i1h22bpl.96:15|
 :skolemid |41|
)))
(assert (forall ((iter@@56 T@Iterator_9075) ) (!  (=> (hasNext_9098 iter@@56) (= (|get_W_ID#48| iter@@56) (|model_get_W_ID#48| (iter_n_9122 iter@@56) (iter_m_9136 iter@@56) (iter_position_9150 iter@@56))))
 :qid |commutativef28i0h21vsf28i1h22bpl.99:15|
 :skolemid |42|
)))
(assert (forall ((iter@@57 T@Iterator_9229) ) (!  (=> (hasNext_9252 iter@@57) (= (|get_S_W_ID#49| iter@@57) (|model_get_S_W_ID#49| (iter_n_9276 iter@@57) (iter_m_9290 iter@@57) (iter_position_9304 iter@@57))))
 :qid |commutativef28i0h21vsf28i1h22bpl.102:15|
 :skolemid |43|
)))
(assert (forall ((iter@@58 T@Iterator_9229) ) (!  (=> (hasNext_9252 iter@@58) (= (|get_S_I_ID#50| iter@@58) (|model_get_S_I_ID#50| (iter_n_9276 iter@@58) (iter_m_9290 iter@@58) (iter_position_9304 iter@@58))))
 :qid |commutativef28i0h21vsf28i1h22bpl.105:15|
 :skolemid |44|
)))
(push 1)
(declare-fun ControlFlow (Int Int) Int)
(declare-fun Stock_S_I_ID@4 () (Array Int (Array Int Int)))
(declare-fun Stock_S_I_ID@8 () (Array Int (Array Int Int)))
(declare-fun Stock_S_ORDER_CNT@4 () (Array Int (Array Int Int)))
(declare-fun Stock_S_ORDER_CNT@8 () (Array Int (Array Int Int)))
(declare-fun Stock_S_QUANTITY@4 () (Array Int (Array Int Int)))
(declare-fun Stock_S_QUANTITY@8 () (Array Int (Array Int Int)))
(declare-fun Stock_S_REMOTE_CNT@4 () (Array Int (Array Int Int)))
(declare-fun Stock_S_REMOTE_CNT@8 () (Array Int (Array Int Int)))
(declare-fun Stock_S_YTD@4 () (Array Int (Array Int Real)))
(declare-fun Stock_S_YTD@8 () (Array Int (Array Int Real)))
(declare-fun Stock_S_W_ID@4 () (Array Int (Array Int Int)))
(declare-fun Stock_S_W_ID@8 () (Array Int (Array Int Int)))
(declare-fun Stock_S_DATA@4 () (Array Int (Array Int T@String)))
(declare-fun Stock_S_DATA@8 () (Array Int (Array Int T@String)))
(declare-fun |s0_#tmp145@1| () Int)
(declare-fun |s0_s#S_ORDER_CNT@1| () Int)
(declare-fun |s0_#tmp146@1| () Real)
(declare-fun |s0_#tmp133@1| () Int)
(declare-fun |s0_#tmp147@1| () Real)
(declare-fun |s0_s#S_YTD@1| () Real)
(declare-fun Stock_S_REMOTE_CNT@7 () (Array Int (Array Int Int)))
(declare-fun Stock_S_REMOTE_CNT@6 () (Array Int (Array Int Int)))
(declare-fun |s0_#tmp132@1| () Int)
(declare-fun |s0_#tmp131@1| () Int)
(declare-fun |s0_s#S_REMOTE_CNT@3| () Int)
(declare-fun Stock_S_QUANTITY@7 () (Array Int (Array Int Int)))
(declare-fun Stock_S_QUANTITY@6 () (Array Int (Array Int Int)))
(declare-fun |s0_s#S_QUANTITY@3| () Int)
(declare-fun Stock_S_ORDER_CNT@7 () (Array Int (Array Int Int)))
(declare-fun Stock_S_ORDER_CNT@6 () (Array Int (Array Int Int)))
(declare-fun Stock_S_DATA@7 () (Array Int (Array Int T@String)))
(declare-fun Stock_S_DATA@6 () (Array Int (Array Int T@String)))
(declare-fun |s0_s#S_DATA@1| () T@String)
(declare-fun Stock_S_W_ID@7 () (Array Int (Array Int Int)))
(declare-fun Stock_S_W_ID@6 () (Array Int (Array Int Int)))
(declare-fun |s0_s#S_W_ID@1| () Int)
(declare-fun Stock_S_I_ID@7 () (Array Int (Array Int Int)))
(declare-fun Stock_S_I_ID@6 () (Array Int (Array Int Int)))
(declare-fun |s0_s#S_I_ID@1| () Int)
(declare-fun Stock_S_YTD@7 () (Array Int (Array Int Real)))
(declare-fun Stock_S_YTD@6 () (Array Int (Array Int Real)))
(declare-fun |s0_#tmp143@1| () Bool)
(declare-fun |s0_s#S_REMOTE_CNT@2| () Int)
(declare-fun |s0_#tmp144@1| () Int)
(declare-fun s0_w_id@0 () Int)
(declare-fun |s0_#tmp139@1| () Bool)
(declare-fun |s0_#tmp141@1| () Int)
(declare-fun |s0_s#S_QUANTITY@2| () Int)
(declare-fun |s0_#tmp142@1| () Int)
(declare-fun |s0_#tmp140@1| () Int)
(declare-fun s0_itemIDs@0 () T@List_3776)
(declare-fun s0_supplierWarehouseIDs@0 () T@List_3776)
(declare-fun s0_orderQuantities@0 () T@List_3776)
(declare-fun |s0_#tmp134@1| () Bool)
(declare-fun |s0_#tmp135@1| () Bool)
(declare-fun |s0_#tmp136@1| () Bool)
(declare-fun |s0_#tmp138@1| () Int)
(declare-fun |s1_#tmp162@1| () Int)
(declare-fun |s1_s#S_ORDER_CNT@1| () Int)
(declare-fun |s1_#tmp163@1| () Real)
(declare-fun |s1_#tmp150@1| () Int)
(declare-fun |s1_#tmp164@1| () Real)
(declare-fun |s1_s#S_YTD@1| () Real)
(declare-fun Stock_S_REMOTE_CNT@5 () (Array Int (Array Int Int)))
(declare-fun Stock_S_REMOTE_CNT@0 () (Array Int (Array Int Int)))
(declare-fun |s1_#tmp149@1| () Int)
(declare-fun |s1_#tmp148@1| () Int)
(declare-fun |s1_s#S_REMOTE_CNT@3| () Int)
(declare-fun Stock_S_QUANTITY@5 () (Array Int (Array Int Int)))
(declare-fun Stock_S_QUANTITY@0 () (Array Int (Array Int Int)))
(declare-fun |s1_s#S_QUANTITY@3| () Int)
(declare-fun Stock_S_ORDER_CNT@5 () (Array Int (Array Int Int)))
(declare-fun Stock_S_ORDER_CNT@0 () (Array Int (Array Int Int)))
(declare-fun Stock_S_DATA@5 () (Array Int (Array Int T@String)))
(declare-fun Stock_S_DATA@0 () (Array Int (Array Int T@String)))
(declare-fun |s1_s#S_DATA@1| () T@String)
(declare-fun Stock_S_W_ID@5 () (Array Int (Array Int Int)))
(declare-fun Stock_S_W_ID@0 () (Array Int (Array Int Int)))
(declare-fun |s1_s#S_W_ID@1| () Int)
(declare-fun Stock_S_I_ID@5 () (Array Int (Array Int Int)))
(declare-fun Stock_S_I_ID@0 () (Array Int (Array Int Int)))
(declare-fun |s1_s#S_I_ID@1| () Int)
(declare-fun Stock_S_YTD@5 () (Array Int (Array Int Real)))
(declare-fun Stock_S_YTD@0 () (Array Int (Array Int Real)))
(declare-fun |s1_#tmp160@1| () Bool)
(declare-fun |s1_s#S_REMOTE_CNT@2| () Int)
(declare-fun |s1_#tmp161@1| () Int)
(declare-fun s1_w_id@0 () Int)
(declare-fun |s1_#tmp156@1| () Bool)
(declare-fun |s1_#tmp158@1| () Int)
(declare-fun |s1_s#S_QUANTITY@2| () Int)
(declare-fun |s1_#tmp159@1| () Int)
(declare-fun |s1_#tmp157@1| () Int)
(declare-fun s1_itemIDs@0 () T@List_3776)
(declare-fun s1_supplierWarehouseIDs@0 () T@List_3776)
(declare-fun s1_orderQuantities@0 () T@List_3776)
(declare-fun |s1_#tmp151@1| () Bool)
(declare-fun |s1_#tmp152@1| () Bool)
(declare-fun |s1_#tmp153@1| () Bool)
(declare-fun |s1_#tmp155@1| () Int)
(declare-fun |s1_#tmp162@0| () Int)
(declare-fun |s1_s#S_ORDER_CNT@0| () Int)
(declare-fun |s1_#tmp163@0| () Real)
(declare-fun |s1_#tmp150@0| () Int)
(declare-fun |s1_#tmp164@0| () Real)
(declare-fun |s1_s#S_YTD@0| () Real)
(declare-fun Stock_S_REMOTE_CNT@3 () (Array Int (Array Int Int)))
(declare-fun Stock_S_REMOTE_CNT@2 () (Array Int (Array Int Int)))
(declare-fun |s1_#tmp149@0| () Int)
(declare-fun |s1_#tmp148@0| () Int)
(declare-fun |s1_s#S_REMOTE_CNT@1| () Int)
(declare-fun Stock_S_QUANTITY@3 () (Array Int (Array Int Int)))
(declare-fun Stock_S_QUANTITY@2 () (Array Int (Array Int Int)))
(declare-fun |s1_s#S_QUANTITY@1| () Int)
(declare-fun Stock_S_ORDER_CNT@3 () (Array Int (Array Int Int)))
(declare-fun Stock_S_ORDER_CNT@2 () (Array Int (Array Int Int)))
(declare-fun Stock_S_DATA@3 () (Array Int (Array Int T@String)))
(declare-fun Stock_S_DATA@2 () (Array Int (Array Int T@String)))
(declare-fun |s1_s#S_DATA@0| () T@String)
(declare-fun Stock_S_W_ID@3 () (Array Int (Array Int Int)))
(declare-fun Stock_S_W_ID@2 () (Array Int (Array Int Int)))
(declare-fun |s1_s#S_W_ID@0| () Int)
(declare-fun Stock_S_I_ID@3 () (Array Int (Array Int Int)))
(declare-fun Stock_S_I_ID@2 () (Array Int (Array Int Int)))
(declare-fun |s1_s#S_I_ID@0| () Int)
(declare-fun Stock_S_YTD@3 () (Array Int (Array Int Real)))
(declare-fun Stock_S_YTD@2 () (Array Int (Array Int Real)))
(declare-fun |s1_#tmp160@0| () Bool)
(declare-fun |s1_s#S_REMOTE_CNT@0| () Int)
(declare-fun |s1_#tmp161@0| () Int)
(declare-fun |s1_#tmp156@0| () Bool)
(declare-fun |s1_#tmp158@0| () Int)
(declare-fun |s1_s#S_QUANTITY@0| () Int)
(declare-fun |s1_#tmp159@0| () Int)
(declare-fun |s1_#tmp157@0| () Int)
(declare-fun |s1_#tmp151@0| () Bool)
(declare-fun |s1_#tmp152@0| () Bool)
(declare-fun |s1_#tmp153@0| () Bool)
(declare-fun |s1_#tmp155@0| () Int)
(declare-fun |s0_#tmp145@0| () Int)
(declare-fun |s0_s#S_ORDER_CNT@0| () Int)
(declare-fun |s0_#tmp146@0| () Real)
(declare-fun |s0_#tmp133@0| () Int)
(declare-fun |s0_#tmp147@0| () Real)
(declare-fun |s0_s#S_YTD@0| () Real)
(declare-fun Stock_S_REMOTE_CNT@1 () (Array Int (Array Int Int)))
(declare-fun |s0_#tmp132@0| () Int)
(declare-fun |s0_#tmp131@0| () Int)
(declare-fun |s0_s#S_REMOTE_CNT@1| () Int)
(declare-fun Stock_S_QUANTITY@1 () (Array Int (Array Int Int)))
(declare-fun |s0_s#S_QUANTITY@1| () Int)
(declare-fun Stock_S_ORDER_CNT@1 () (Array Int (Array Int Int)))
(declare-fun Stock_S_DATA@1 () (Array Int (Array Int T@String)))
(declare-fun |s0_s#S_DATA@0| () T@String)
(declare-fun Stock_S_W_ID@1 () (Array Int (Array Int Int)))
(declare-fun |s0_s#S_W_ID@0| () Int)
(declare-fun Stock_S_I_ID@1 () (Array Int (Array Int Int)))
(declare-fun |s0_s#S_I_ID@0| () Int)
(declare-fun Stock_S_YTD@1 () (Array Int (Array Int Real)))
(declare-fun |s0_#tmp143@0| () Bool)
(declare-fun |s0_s#S_REMOTE_CNT@0| () Int)
(declare-fun |s0_#tmp144@0| () Int)
(declare-fun |s0_#tmp139@0| () Bool)
(declare-fun |s0_#tmp141@0| () Int)
(declare-fun |s0_s#S_QUANTITY@0| () Int)
(declare-fun |s0_#tmp142@0| () Int)
(declare-fun |s0_#tmp140@0| () Int)
(declare-fun |s0_#tmp134@0| () Bool)
(declare-fun |s0_#tmp135@0| () Bool)
(declare-fun |s0_#tmp136@0| () Bool)
(declare-fun |s0_#tmp138@0| () Int)
(declare-fun O_OL_CNT () Int)
(set-info :boogie-vc-id Check_SliceCommut_Hop21_vs_Hop22)
(set-option :timeout 0)
(set-option :rlimit 0)
(set-option :smt.mbqi false)
(set-option :model.compact false)
(set-option :model.v2 true)
(set-option :pp.bv_literals false)
(assert (not
 (=> (= (ControlFlow 0 0) 36) (let ((anon20_correct  (=> (= (ControlFlow 0 2) (- 0 1)) (and (and (and (and (and (and (= Stock_S_I_ID@4 Stock_S_I_ID@8) (= Stock_S_ORDER_CNT@4 Stock_S_ORDER_CNT@8)) (= Stock_S_QUANTITY@4 Stock_S_QUANTITY@8)) (= Stock_S_REMOTE_CNT@4 Stock_S_REMOTE_CNT@8)) (= Stock_S_YTD@4 Stock_S_YTD@8)) (= Stock_S_W_ID@4 Stock_S_W_ID@8)) (= Stock_S_DATA@4 Stock_S_DATA@8)))))
(let ((s0_block46__ba_correct  (=> (and (= |s0_#tmp145@1| (+ |s0_s#S_ORDER_CNT@1| 1)) (= |s0_#tmp146@1| (to_real |s0_#tmp133@1|))) (=> (and (and (and (and (= |s0_#tmp147@1| (+ |s0_s#S_YTD@1| |s0_#tmp146@1|)) (= Stock_S_REMOTE_CNT@7 (store Stock_S_REMOTE_CNT@6 |s0_#tmp132@1| (store (select Stock_S_REMOTE_CNT@6 |s0_#tmp132@1|) |s0_#tmp131@1| |s0_s#S_REMOTE_CNT@3|)))) (and (= Stock_S_QUANTITY@7 (store Stock_S_QUANTITY@6 |s0_#tmp132@1| (store (select Stock_S_QUANTITY@6 |s0_#tmp132@1|) |s0_#tmp131@1| |s0_s#S_QUANTITY@3|))) (= Stock_S_ORDER_CNT@7 (store Stock_S_ORDER_CNT@6 |s0_#tmp132@1| (store (select Stock_S_ORDER_CNT@6 |s0_#tmp132@1|) |s0_#tmp131@1| |s0_#tmp145@1|))))) (and (and (= Stock_S_DATA@7 (store Stock_S_DATA@6 |s0_#tmp132@1| (store (select Stock_S_DATA@6 |s0_#tmp132@1|) |s0_#tmp131@1| |s0_s#S_DATA@1|))) (= Stock_S_W_ID@7 (store Stock_S_W_ID@6 |s0_#tmp132@1| (store (select Stock_S_W_ID@6 |s0_#tmp132@1|) |s0_#tmp131@1| |s0_s#S_W_ID@1|)))) (and (= Stock_S_I_ID@7 (store Stock_S_I_ID@6 |s0_#tmp132@1| (store (select Stock_S_I_ID@6 |s0_#tmp132@1|) |s0_#tmp131@1| |s0_s#S_I_ID@1|))) (= Stock_S_YTD@7 (store Stock_S_YTD@6 |s0_#tmp132@1| (store (select Stock_S_YTD@6 |s0_#tmp132@1|) |s0_#tmp131@1| |s0_#tmp147@1|)))))) (and (and (and (= Stock_S_QUANTITY@8 Stock_S_QUANTITY@7) (= Stock_S_W_ID@8 Stock_S_W_ID@7)) (and (= Stock_S_ORDER_CNT@8 Stock_S_ORDER_CNT@7) (= Stock_S_I_ID@8 Stock_S_I_ID@7))) (and (and (= Stock_S_REMOTE_CNT@8 Stock_S_REMOTE_CNT@7) (= Stock_S_DATA@8 Stock_S_DATA@7)) (and (= Stock_S_YTD@8 Stock_S_YTD@7) (= (ControlFlow 0 4) 2))))) anon20_correct))))
(let ((anon32_Else_correct  (=> (not |s0_#tmp143@1|) (=> (and (= |s0_s#S_REMOTE_CNT@3| |s0_s#S_REMOTE_CNT@2|) (= (ControlFlow 0 6) 4)) s0_block46__ba_correct))))
(let ((anon32_Then_correct  (=> (and (and |s0_#tmp143@1| (= |s0_#tmp144@1| (+ |s0_s#S_REMOTE_CNT@2| 1))) (and (= |s0_s#S_REMOTE_CNT@3| |s0_#tmp144@1|) (= (ControlFlow 0 5) 4))) s0_block46__ba_correct)))
(let ((s0_block43__ba_correct  (=> (= |s0_#tmp143@1| (not (= |s0_#tmp132@1| s0_w_id@0))) (and (=> (= (ControlFlow 0 7) 5) anon32_Then_correct) (=> (= (ControlFlow 0 7) 6) anon32_Else_correct)))))
(let ((anon31_Else_correct  (=> (not |s0_#tmp139@1|) (=> (and (and (= |s0_#tmp141@1| (+ |s0_s#S_QUANTITY@2| 91)) (= |s0_#tmp142@1| (- |s0_#tmp141@1| |s0_#tmp133@1|))) (and (= |s0_s#S_QUANTITY@3| |s0_#tmp142@1|) (= (ControlFlow 0 9) 7))) s0_block43__ba_correct))))
(let ((anon31_Then_correct  (=> (and (and |s0_#tmp139@1| (= |s0_#tmp140@1| (- |s0_s#S_QUANTITY@2| |s0_#tmp133@1|))) (and (= |s0_s#S_QUANTITY@3| |s0_#tmp140@1|) (= (ControlFlow 0 8) 7))) s0_block43__ba_correct)))
(let ((anon30_Then_correct  (=> (= |s0_#tmp131@1| (get_3784 s0_itemIDs@0 4)) (=> (and (= |s0_#tmp132@1| (get_3784 s0_supplierWarehouseIDs@0 4)) (= |s0_#tmp133@1| (get_3784 s0_orderQuantities@0 4))) (=> (and (and (= |s0_#tmp134@1| (>= |s0_#tmp133@1| 0)) (= |s0_#tmp135@1| (<= |s0_#tmp133@1| 10))) (and (= |s0_#tmp136@1|  (and |s0_#tmp134@1| |s0_#tmp135@1|)) (= |s0_s#S_REMOTE_CNT@2| (select (select Stock_S_REMOTE_CNT@6 |s0_#tmp132@1|) |s0_#tmp131@1|)))) (=> (and (and (and (= |s0_s#S_QUANTITY@2| (select (select Stock_S_QUANTITY@6 |s0_#tmp132@1|) |s0_#tmp131@1|)) (= |s0_s#S_ORDER_CNT@1| (select (select Stock_S_ORDER_CNT@6 |s0_#tmp132@1|) |s0_#tmp131@1|))) (and (= |s0_s#S_DATA@1| (select (select Stock_S_DATA@6 |s0_#tmp132@1|) |s0_#tmp131@1|)) (= |s0_s#S_W_ID@1| (select (select Stock_S_W_ID@6 |s0_#tmp132@1|) |s0_#tmp131@1|)))) (and (and (= |s0_s#S_I_ID@1| (select (select Stock_S_I_ID@6 |s0_#tmp132@1|) |s0_#tmp131@1|)) (= |s0_s#S_YTD@1| (select (select Stock_S_YTD@6 |s0_#tmp132@1|) |s0_#tmp131@1|))) (and (= |s0_#tmp138@1| (- |s0_s#S_QUANTITY@2| |s0_#tmp133@1|)) (= |s0_#tmp139@1| (>= |s0_#tmp138@1| 10))))) (and (=> (= (ControlFlow 0 10) 8) anon31_Then_correct) (=> (= (ControlFlow 0 10) 9) anon31_Else_correct))))))))
(let ((anon30_Else_correct  (=> (not true) (=> (and (and (and (= Stock_S_QUANTITY@8 Stock_S_QUANTITY@6) (= Stock_S_W_ID@8 Stock_S_W_ID@6)) (and (= Stock_S_ORDER_CNT@8 Stock_S_ORDER_CNT@6) (= Stock_S_I_ID@8 Stock_S_I_ID@6))) (and (and (= Stock_S_REMOTE_CNT@8 Stock_S_REMOTE_CNT@6) (= Stock_S_DATA@8 Stock_S_DATA@6)) (and (= Stock_S_YTD@8 Stock_S_YTD@6) (= (ControlFlow 0 3) 2)))) anon20_correct))))
(let ((s1_block52__ba_correct  (=> (= |s1_#tmp162@1| (+ |s1_s#S_ORDER_CNT@1| 1)) (=> (and (and (and (and (= |s1_#tmp163@1| (to_real |s1_#tmp150@1|)) (= |s1_#tmp164@1| (+ |s1_s#S_YTD@1| |s1_#tmp163@1|))) (and (= Stock_S_REMOTE_CNT@5 (store Stock_S_REMOTE_CNT@0 |s1_#tmp149@1| (store (select Stock_S_REMOTE_CNT@0 |s1_#tmp149@1|) |s1_#tmp148@1| |s1_s#S_REMOTE_CNT@3|))) (= Stock_S_QUANTITY@5 (store Stock_S_QUANTITY@0 |s1_#tmp149@1| (store (select Stock_S_QUANTITY@0 |s1_#tmp149@1|) |s1_#tmp148@1| |s1_s#S_QUANTITY@3|))))) (and (and (= Stock_S_ORDER_CNT@5 (store Stock_S_ORDER_CNT@0 |s1_#tmp149@1| (store (select Stock_S_ORDER_CNT@0 |s1_#tmp149@1|) |s1_#tmp148@1| |s1_#tmp162@1|))) (= Stock_S_DATA@5 (store Stock_S_DATA@0 |s1_#tmp149@1| (store (select Stock_S_DATA@0 |s1_#tmp149@1|) |s1_#tmp148@1| |s1_s#S_DATA@1|)))) (and (= Stock_S_W_ID@5 (store Stock_S_W_ID@0 |s1_#tmp149@1| (store (select Stock_S_W_ID@0 |s1_#tmp149@1|) |s1_#tmp148@1| |s1_s#S_W_ID@1|))) (= Stock_S_I_ID@5 (store Stock_S_I_ID@0 |s1_#tmp149@1| (store (select Stock_S_I_ID@0 |s1_#tmp149@1|) |s1_#tmp148@1| |s1_s#S_I_ID@1|)))))) (and (and (and (= Stock_S_YTD@5 (store Stock_S_YTD@0 |s1_#tmp149@1| (store (select Stock_S_YTD@0 |s1_#tmp149@1|) |s1_#tmp148@1| |s1_#tmp164@1|))) (= Stock_S_YTD@6 Stock_S_YTD@5)) (and (= Stock_S_DATA@6 Stock_S_DATA@5) (= Stock_S_REMOTE_CNT@6 Stock_S_REMOTE_CNT@5))) (and (and (= Stock_S_I_ID@6 Stock_S_I_ID@5) (= Stock_S_ORDER_CNT@6 Stock_S_ORDER_CNT@5)) (and (= Stock_S_W_ID@6 Stock_S_W_ID@5) (= Stock_S_QUANTITY@6 Stock_S_QUANTITY@5))))) (and (=> (= (ControlFlow 0 12) 10) anon30_Then_correct) (=> (= (ControlFlow 0 12) 3) anon30_Else_correct))))))
(let ((anon29_Else_correct  (=> (not |s1_#tmp160@1|) (=> (and (= |s1_s#S_REMOTE_CNT@3| |s1_s#S_REMOTE_CNT@2|) (= (ControlFlow 0 14) 12)) s1_block52__ba_correct))))
(let ((anon29_Then_correct  (=> (and (and |s1_#tmp160@1| (= |s1_#tmp161@1| (+ |s1_s#S_REMOTE_CNT@2| 1))) (and (= |s1_s#S_REMOTE_CNT@3| |s1_#tmp161@1|) (= (ControlFlow 0 13) 12))) s1_block52__ba_correct)))
(let ((s1_block49__ba_correct  (=> (= |s1_#tmp160@1| (not (= |s1_#tmp149@1| s1_w_id@0))) (and (=> (= (ControlFlow 0 15) 13) anon29_Then_correct) (=> (= (ControlFlow 0 15) 14) anon29_Else_correct)))))
(let ((anon28_Else_correct  (=> (not |s1_#tmp156@1|) (=> (and (and (= |s1_#tmp158@1| (+ |s1_s#S_QUANTITY@2| 91)) (= |s1_#tmp159@1| (- |s1_#tmp158@1| |s1_#tmp150@1|))) (and (= |s1_s#S_QUANTITY@3| |s1_#tmp159@1|) (= (ControlFlow 0 17) 15))) s1_block49__ba_correct))))
(let ((anon28_Then_correct  (=> (and (and |s1_#tmp156@1| (= |s1_#tmp157@1| (- |s1_s#S_QUANTITY@2| |s1_#tmp150@1|))) (and (= |s1_s#S_QUANTITY@3| |s1_#tmp157@1|) (= (ControlFlow 0 16) 15))) s1_block49__ba_correct)))
(let ((anon27_Then_correct  (=> (= |s1_#tmp148@1| (get_3784 s1_itemIDs@0 5)) (=> (and (= |s1_#tmp149@1| (get_3784 s1_supplierWarehouseIDs@0 5)) (= |s1_#tmp150@1| (get_3784 s1_orderQuantities@0 5))) (=> (and (and (= |s1_#tmp151@1| (>= |s1_#tmp150@1| 0)) (= |s1_#tmp152@1| (<= |s1_#tmp150@1| 10))) (and (= |s1_#tmp153@1|  (and |s1_#tmp151@1| |s1_#tmp152@1|)) (= |s1_s#S_REMOTE_CNT@2| (select (select Stock_S_REMOTE_CNT@0 |s1_#tmp149@1|) |s1_#tmp148@1|)))) (=> (and (and (and (= |s1_s#S_QUANTITY@2| (select (select Stock_S_QUANTITY@0 |s1_#tmp149@1|) |s1_#tmp148@1|)) (= |s1_s#S_ORDER_CNT@1| (select (select Stock_S_ORDER_CNT@0 |s1_#tmp149@1|) |s1_#tmp148@1|))) (and (= |s1_s#S_DATA@1| (select (select Stock_S_DATA@0 |s1_#tmp149@1|) |s1_#tmp148@1|)) (= |s1_s#S_W_ID@1| (select (select Stock_S_W_ID@0 |s1_#tmp149@1|) |s1_#tmp148@1|)))) (and (and (= |s1_s#S_I_ID@1| (select (select Stock_S_I_ID@0 |s1_#tmp149@1|) |s1_#tmp148@1|)) (= |s1_s#S_YTD@1| (select (select Stock_S_YTD@0 |s1_#tmp149@1|) |s1_#tmp148@1|))) (and (= |s1_#tmp155@1| (- |s1_s#S_QUANTITY@2| |s1_#tmp150@1|)) (= |s1_#tmp156@1| (>= |s1_#tmp155@1| 10))))) (and (=> (= (ControlFlow 0 18) 16) anon28_Then_correct) (=> (= (ControlFlow 0 18) 17) anon28_Else_correct))))))))
(let ((anon27_Else_correct  (=> (and (and (and (not true) (= Stock_S_YTD@6 Stock_S_YTD@0)) (and (= Stock_S_DATA@6 Stock_S_DATA@0) (= Stock_S_REMOTE_CNT@6 Stock_S_REMOTE_CNT@0))) (and (and (= Stock_S_I_ID@6 Stock_S_I_ID@0) (= Stock_S_ORDER_CNT@6 Stock_S_ORDER_CNT@0)) (and (= Stock_S_W_ID@6 Stock_S_W_ID@0) (= Stock_S_QUANTITY@6 Stock_S_QUANTITY@0)))) (and (=> (= (ControlFlow 0 11) 10) anon30_Then_correct) (=> (= (ControlFlow 0 11) 3) anon30_Else_correct)))))
(let ((s1_block52__ab_correct  (=> (= |s1_#tmp162@0| (+ |s1_s#S_ORDER_CNT@0| 1)) (=> (and (and (and (and (= |s1_#tmp163@0| (to_real |s1_#tmp150@0|)) (= |s1_#tmp164@0| (+ |s1_s#S_YTD@0| |s1_#tmp163@0|))) (and (= Stock_S_REMOTE_CNT@3 (store Stock_S_REMOTE_CNT@2 |s1_#tmp149@0| (store (select Stock_S_REMOTE_CNT@2 |s1_#tmp149@0|) |s1_#tmp148@0| |s1_s#S_REMOTE_CNT@1|))) (= Stock_S_QUANTITY@3 (store Stock_S_QUANTITY@2 |s1_#tmp149@0| (store (select Stock_S_QUANTITY@2 |s1_#tmp149@0|) |s1_#tmp148@0| |s1_s#S_QUANTITY@1|))))) (and (and (= Stock_S_ORDER_CNT@3 (store Stock_S_ORDER_CNT@2 |s1_#tmp149@0| (store (select Stock_S_ORDER_CNT@2 |s1_#tmp149@0|) |s1_#tmp148@0| |s1_#tmp162@0|))) (= Stock_S_DATA@3 (store Stock_S_DATA@2 |s1_#tmp149@0| (store (select Stock_S_DATA@2 |s1_#tmp149@0|) |s1_#tmp148@0| |s1_s#S_DATA@0|)))) (and (= Stock_S_W_ID@3 (store Stock_S_W_ID@2 |s1_#tmp149@0| (store (select Stock_S_W_ID@2 |s1_#tmp149@0|) |s1_#tmp148@0| |s1_s#S_W_ID@0|))) (= Stock_S_I_ID@3 (store Stock_S_I_ID@2 |s1_#tmp149@0| (store (select Stock_S_I_ID@2 |s1_#tmp149@0|) |s1_#tmp148@0| |s1_s#S_I_ID@0|)))))) (and (and (and (= Stock_S_YTD@3 (store Stock_S_YTD@2 |s1_#tmp149@0| (store (select Stock_S_YTD@2 |s1_#tmp149@0|) |s1_#tmp148@0| |s1_#tmp164@0|))) (= Stock_S_QUANTITY@4 Stock_S_QUANTITY@3)) (and (= Stock_S_W_ID@4 Stock_S_W_ID@3) (= Stock_S_ORDER_CNT@4 Stock_S_ORDER_CNT@3))) (and (and (= Stock_S_I_ID@4 Stock_S_I_ID@3) (= Stock_S_REMOTE_CNT@4 Stock_S_REMOTE_CNT@3)) (and (= Stock_S_DATA@4 Stock_S_DATA@3) (= Stock_S_YTD@4 Stock_S_YTD@3))))) (and (=> (= (ControlFlow 0 20) 18) anon27_Then_correct) (=> (= (ControlFlow 0 20) 11) anon27_Else_correct))))))
(let ((anon26_Else_correct  (=> (not |s1_#tmp160@0|) (=> (and (= |s1_s#S_REMOTE_CNT@1| |s1_s#S_REMOTE_CNT@0|) (= (ControlFlow 0 22) 20)) s1_block52__ab_correct))))
(let ((anon26_Then_correct  (=> (and (and |s1_#tmp160@0| (= |s1_#tmp161@0| (+ |s1_s#S_REMOTE_CNT@0| 1))) (and (= |s1_s#S_REMOTE_CNT@1| |s1_#tmp161@0|) (= (ControlFlow 0 21) 20))) s1_block52__ab_correct)))
(let ((s1_block49__ab_correct  (=> (= |s1_#tmp160@0| (not (= |s1_#tmp149@0| s1_w_id@0))) (and (=> (= (ControlFlow 0 23) 21) anon26_Then_correct) (=> (= (ControlFlow 0 23) 22) anon26_Else_correct)))))
(let ((anon25_Else_correct  (=> (not |s1_#tmp156@0|) (=> (and (and (= |s1_#tmp158@0| (+ |s1_s#S_QUANTITY@0| 91)) (= |s1_#tmp159@0| (- |s1_#tmp158@0| |s1_#tmp150@0|))) (and (= |s1_s#S_QUANTITY@1| |s1_#tmp159@0|) (= (ControlFlow 0 25) 23))) s1_block49__ab_correct))))
(let ((anon25_Then_correct  (=> (and (and |s1_#tmp156@0| (= |s1_#tmp157@0| (- |s1_s#S_QUANTITY@0| |s1_#tmp150@0|))) (and (= |s1_s#S_QUANTITY@1| |s1_#tmp157@0|) (= (ControlFlow 0 24) 23))) s1_block49__ab_correct)))
(let ((anon24_Then_correct  (=> (= |s1_#tmp148@0| (get_3784 s1_itemIDs@0 5)) (=> (and (= |s1_#tmp149@0| (get_3784 s1_supplierWarehouseIDs@0 5)) (= |s1_#tmp150@0| (get_3784 s1_orderQuantities@0 5))) (=> (and (and (= |s1_#tmp151@0| (>= |s1_#tmp150@0| 0)) (= |s1_#tmp152@0| (<= |s1_#tmp150@0| 10))) (and (= |s1_#tmp153@0|  (and |s1_#tmp151@0| |s1_#tmp152@0|)) (= |s1_s#S_REMOTE_CNT@0| (select (select Stock_S_REMOTE_CNT@2 |s1_#tmp149@0|) |s1_#tmp148@0|)))) (=> (and (and (and (= |s1_s#S_QUANTITY@0| (select (select Stock_S_QUANTITY@2 |s1_#tmp149@0|) |s1_#tmp148@0|)) (= |s1_s#S_ORDER_CNT@0| (select (select Stock_S_ORDER_CNT@2 |s1_#tmp149@0|) |s1_#tmp148@0|))) (and (= |s1_s#S_DATA@0| (select (select Stock_S_DATA@2 |s1_#tmp149@0|) |s1_#tmp148@0|)) (= |s1_s#S_W_ID@0| (select (select Stock_S_W_ID@2 |s1_#tmp149@0|) |s1_#tmp148@0|)))) (and (and (= |s1_s#S_I_ID@0| (select (select Stock_S_I_ID@2 |s1_#tmp149@0|) |s1_#tmp148@0|)) (= |s1_s#S_YTD@0| (select (select Stock_S_YTD@2 |s1_#tmp149@0|) |s1_#tmp148@0|))) (and (= |s1_#tmp155@0| (- |s1_s#S_QUANTITY@0| |s1_#tmp150@0|)) (= |s1_#tmp156@0| (>= |s1_#tmp155@0| 10))))) (and (=> (= (ControlFlow 0 26) 24) anon25_Then_correct) (=> (= (ControlFlow 0 26) 25) anon25_Else_correct))))))))
(let ((anon24_Else_correct  (=> (and (and (and (not true) (= Stock_S_QUANTITY@4 Stock_S_QUANTITY@2)) (and (= Stock_S_W_ID@4 Stock_S_W_ID@2) (= Stock_S_ORDER_CNT@4 Stock_S_ORDER_CNT@2))) (and (and (= Stock_S_I_ID@4 Stock_S_I_ID@2) (= Stock_S_REMOTE_CNT@4 Stock_S_REMOTE_CNT@2)) (and (= Stock_S_DATA@4 Stock_S_DATA@2) (= Stock_S_YTD@4 Stock_S_YTD@2)))) (and (=> (= (ControlFlow 0 19) 18) anon27_Then_correct) (=> (= (ControlFlow 0 19) 11) anon27_Else_correct)))))
(let ((s0_block46__ab_correct  (=> (= |s0_#tmp145@0| (+ |s0_s#S_ORDER_CNT@0| 1)) (=> (and (and (and (and (= |s0_#tmp146@0| (to_real |s0_#tmp133@0|)) (= |s0_#tmp147@0| (+ |s0_s#S_YTD@0| |s0_#tmp146@0|))) (and (= Stock_S_REMOTE_CNT@1 (store Stock_S_REMOTE_CNT@0 |s0_#tmp132@0| (store (select Stock_S_REMOTE_CNT@0 |s0_#tmp132@0|) |s0_#tmp131@0| |s0_s#S_REMOTE_CNT@1|))) (= Stock_S_QUANTITY@1 (store Stock_S_QUANTITY@0 |s0_#tmp132@0| (store (select Stock_S_QUANTITY@0 |s0_#tmp132@0|) |s0_#tmp131@0| |s0_s#S_QUANTITY@1|))))) (and (and (= Stock_S_ORDER_CNT@1 (store Stock_S_ORDER_CNT@0 |s0_#tmp132@0| (store (select Stock_S_ORDER_CNT@0 |s0_#tmp132@0|) |s0_#tmp131@0| |s0_#tmp145@0|))) (= Stock_S_DATA@1 (store Stock_S_DATA@0 |s0_#tmp132@0| (store (select Stock_S_DATA@0 |s0_#tmp132@0|) |s0_#tmp131@0| |s0_s#S_DATA@0|)))) (and (= Stock_S_W_ID@1 (store Stock_S_W_ID@0 |s0_#tmp132@0| (store (select Stock_S_W_ID@0 |s0_#tmp132@0|) |s0_#tmp131@0| |s0_s#S_W_ID@0|))) (= Stock_S_I_ID@1 (store Stock_S_I_ID@0 |s0_#tmp132@0| (store (select Stock_S_I_ID@0 |s0_#tmp132@0|) |s0_#tmp131@0| |s0_s#S_I_ID@0|)))))) (and (and (and (= Stock_S_YTD@1 (store Stock_S_YTD@0 |s0_#tmp132@0| (store (select Stock_S_YTD@0 |s0_#tmp132@0|) |s0_#tmp131@0| |s0_#tmp147@0|))) (= Stock_S_YTD@2 Stock_S_YTD@1)) (and (= Stock_S_DATA@2 Stock_S_DATA@1) (= Stock_S_REMOTE_CNT@2 Stock_S_REMOTE_CNT@1))) (and (and (= Stock_S_I_ID@2 Stock_S_I_ID@1) (= Stock_S_ORDER_CNT@2 Stock_S_ORDER_CNT@1)) (and (= Stock_S_W_ID@2 Stock_S_W_ID@1) (= Stock_S_QUANTITY@2 Stock_S_QUANTITY@1))))) (and (=> (= (ControlFlow 0 28) 26) anon24_Then_correct) (=> (= (ControlFlow 0 28) 19) anon24_Else_correct))))))
(let ((anon23_Else_correct  (=> (not |s0_#tmp143@0|) (=> (and (= |s0_s#S_REMOTE_CNT@1| |s0_s#S_REMOTE_CNT@0|) (= (ControlFlow 0 30) 28)) s0_block46__ab_correct))))
(let ((anon23_Then_correct  (=> (and (and |s0_#tmp143@0| (= |s0_#tmp144@0| (+ |s0_s#S_REMOTE_CNT@0| 1))) (and (= |s0_s#S_REMOTE_CNT@1| |s0_#tmp144@0|) (= (ControlFlow 0 29) 28))) s0_block46__ab_correct)))
(let ((s0_block43__ab_correct  (=> (= |s0_#tmp143@0| (not (= |s0_#tmp132@0| s0_w_id@0))) (and (=> (= (ControlFlow 0 31) 29) anon23_Then_correct) (=> (= (ControlFlow 0 31) 30) anon23_Else_correct)))))
(let ((anon22_Else_correct  (=> (not |s0_#tmp139@0|) (=> (and (and (= |s0_#tmp141@0| (+ |s0_s#S_QUANTITY@0| 91)) (= |s0_#tmp142@0| (- |s0_#tmp141@0| |s0_#tmp133@0|))) (and (= |s0_s#S_QUANTITY@1| |s0_#tmp142@0|) (= (ControlFlow 0 33) 31))) s0_block43__ab_correct))))
(let ((anon22_Then_correct  (=> (and (and |s0_#tmp139@0| (= |s0_#tmp140@0| (- |s0_s#S_QUANTITY@0| |s0_#tmp133@0|))) (and (= |s0_s#S_QUANTITY@1| |s0_#tmp140@0|) (= (ControlFlow 0 32) 31))) s0_block43__ab_correct)))
(let ((anon21_Then_correct  (=> (= |s0_#tmp131@0| (get_3784 s0_itemIDs@0 4)) (=> (and (= |s0_#tmp132@0| (get_3784 s0_supplierWarehouseIDs@0 4)) (= |s0_#tmp133@0| (get_3784 s0_orderQuantities@0 4))) (=> (and (and (= |s0_#tmp134@0| (>= |s0_#tmp133@0| 0)) (= |s0_#tmp135@0| (<= |s0_#tmp133@0| 10))) (and (= |s0_#tmp136@0|  (and |s0_#tmp134@0| |s0_#tmp135@0|)) (= |s0_s#S_REMOTE_CNT@0| (select (select Stock_S_REMOTE_CNT@0 |s0_#tmp132@0|) |s0_#tmp131@0|)))) (=> (and (and (and (= |s0_s#S_QUANTITY@0| (select (select Stock_S_QUANTITY@0 |s0_#tmp132@0|) |s0_#tmp131@0|)) (= |s0_s#S_ORDER_CNT@0| (select (select Stock_S_ORDER_CNT@0 |s0_#tmp132@0|) |s0_#tmp131@0|))) (and (= |s0_s#S_DATA@0| (select (select Stock_S_DATA@0 |s0_#tmp132@0|) |s0_#tmp131@0|)) (= |s0_s#S_W_ID@0| (select (select Stock_S_W_ID@0 |s0_#tmp132@0|) |s0_#tmp131@0|)))) (and (and (= |s0_s#S_I_ID@0| (select (select Stock_S_I_ID@0 |s0_#tmp132@0|) |s0_#tmp131@0|)) (= |s0_s#S_YTD@0| (select (select Stock_S_YTD@0 |s0_#tmp132@0|) |s0_#tmp131@0|))) (and (= |s0_#tmp138@0| (- |s0_s#S_QUANTITY@0| |s0_#tmp133@0|)) (= |s0_#tmp139@0| (>= |s0_#tmp138@0| 10))))) (and (=> (= (ControlFlow 0 34) 32) anon22_Then_correct) (=> (= (ControlFlow 0 34) 33) anon22_Else_correct))))))))
(let ((anon21_Else_correct  (=> (and (and (and (not true) (= Stock_S_YTD@2 Stock_S_YTD@0)) (and (= Stock_S_DATA@2 Stock_S_DATA@0) (= Stock_S_REMOTE_CNT@2 Stock_S_REMOTE_CNT@0))) (and (and (= Stock_S_I_ID@2 Stock_S_I_ID@0) (= Stock_S_ORDER_CNT@2 Stock_S_ORDER_CNT@0)) (and (= Stock_S_W_ID@2 Stock_S_W_ID@0) (= Stock_S_QUANTITY@2 Stock_S_QUANTITY@0)))) (and (=> (= (ControlFlow 0 27) 26) anon24_Then_correct) (=> (= (ControlFlow 0 27) 19) anon24_Else_correct)))))
(let ((anon0_correct  (=> (= (length_3776 s0_itemIDs@0) O_OL_CNT) (=> (and (and (= (length_3776 s0_supplierWarehouseIDs@0) O_OL_CNT) (= (length_3776 s0_orderQuantities@0) O_OL_CNT)) (and (>= (get_3784 s0_orderQuantities@0 0) 0) (<= (get_3784 s0_orderQuantities@0 0) 10))) (=> (and (and (and (and (>= (get_3784 s0_orderQuantities@0 1) 0) (<= (get_3784 s0_orderQuantities@0 1) 10)) (and (>= (get_3784 s0_orderQuantities@0 2) 0) (<= (get_3784 s0_orderQuantities@0 2) 10))) (and (and (>= (get_3784 s0_orderQuantities@0 3) 0) (<= (get_3784 s0_orderQuantities@0 3) 10)) (and (>= (get_3784 s0_orderQuantities@0 4) 0) (<= (get_3784 s0_orderQuantities@0 4) 10)))) (and (and (and (>= (get_3784 s0_orderQuantities@0 5) 0) (<= (get_3784 s0_orderQuantities@0 5) 10)) (and (>= (get_3784 s0_orderQuantities@0 6) 0) (<= (get_3784 s0_orderQuantities@0 6) 10))) (and (and (>= (get_3784 s0_orderQuantities@0 7) 0) (<= (get_3784 s0_orderQuantities@0 7) 10)) (and (>= (get_3784 s0_orderQuantities@0 8) 0) (<= (get_3784 s0_orderQuantities@0 8) 10))))) (=> (and (and (and (and (and (>= (get_3784 s0_orderQuantities@0 9) 0) (<= (get_3784 s0_orderQuantities@0 9) 10)) (= (length_3776 s1_itemIDs@0) O_OL_CNT)) (and (= (length_3776 s1_supplierWarehouseIDs@0) O_OL_CNT) (= (length_3776 s1_orderQuantities@0) O_OL_CNT))) (and (and (>= (get_3784 s1_orderQuantities@0 0) 0) (<= (get_3784 s1_orderQuantities@0 0) 10)) (and (>= (get_3784 s1_orderQuantities@0 1) 0) (<= (get_3784 s1_orderQuantities@0 1) 10)))) (and (and (and (and (>= (get_3784 s1_orderQuantities@0 2) 0) (<= (get_3784 s1_orderQuantities@0 2) 10)) (and (>= (get_3784 s1_orderQuantities@0 3) 0) (<= (get_3784 s1_orderQuantities@0 3) 10))) (and (and (>= (get_3784 s1_orderQuantities@0 4) 0) (<= (get_3784 s1_orderQuantities@0 4) 10)) (and (>= (get_3784 s1_orderQuantities@0 5) 0) (<= (get_3784 s1_orderQuantities@0 5) 10)))) (and (and (and (>= (get_3784 s1_orderQuantities@0 6) 0) (<= (get_3784 s1_orderQuantities@0 6) 10)) (and (>= (get_3784 s1_orderQuantities@0 7) 0) (<= (get_3784 s1_orderQuantities@0 7) 10))) (and (and (>= (get_3784 s1_orderQuantities@0 8) 0) (<= (get_3784 s1_orderQuantities@0 8) 10)) (and (>= (get_3784 s1_orderQuantities@0 9) 0) (<= (get_3784 s1_orderQuantities@0 9) 10)))))) (and (=> (= (ControlFlow 0 35) 34) anon21_Then_correct) (=> (= (ControlFlow 0 35) 27) anon21_Else_correct))))))))
(let ((PreconditionGeneratedEntry_correct  (=> (= (ControlFlow 0 36) 35) anon0_correct)))
PreconditionGeneratedEntry_correct))))))))))))))))))))))))))))))))))))
))
(check-sat)
(get-info :rlimit)
(pop 1)
; Valid
